2022-07-28 11:09:37,704:WARNING:discord.client: PyNaCl is not installed, voice will NOT be supported
2022-07-28 11:09:37,722:DEBUG:discord.client: on_ready has successfully been registered as an event
2022-07-28 11:09:37,722:DEBUG:discord.client: on_ready has successfully been registered as an event
2022-07-28 11:09:37,723:INFO:discord.client: logging in using static token
2022-07-28 11:09:37,723:INFO:discord.client: logging in using static token
2022-07-28 11:09:37,989:DEBUG:discord.http: GET https://discord.com/api/v7/users/@me with None has returned 200
2022-07-28 11:09:37,989:DEBUG:discord.http: GET https://discord.com/api/v7/users/@me with None has returned 200
2022-07-28 11:09:37,989:DEBUG:discord.http: GET https://discord.com/api/v7/users/@me has received {'id': '967769605999329301', 'username': "Mankifg's bot", 'avatar': None, 'avatar_decoration': None, 'discriminator': '4006', 'public_flags': 0, 'flags': 0, 'bot': True, 'banner': None, 'banner_color': None, 'accent_color': None, 'bio': '', 'locale': 'en-US', 'mfa_enabled': False, 'email': None, 'verified': True}
2022-07-28 11:09:37,989:DEBUG:discord.http: GET https://discord.com/api/v7/users/@me has received {'id': '967769605999329301', 'username': "Mankifg's bot", 'avatar': None, 'avatar_decoration': None, 'discriminator': '4006', 'public_flags': 0, 'flags': 0, 'bot': True, 'banner': None, 'banner_color': None, 'accent_color': None, 'bio': '', 'locale': 'en-US', 'mfa_enabled': False, 'email': None, 'verified': True}
2022-07-28 11:09:38,024:DEBUG:discord.http: GET https://discord.com/api/v7/gateway with None has returned 200
2022-07-28 11:09:38,024:DEBUG:discord.http: GET https://discord.com/api/v7/gateway with None has returned 200
2022-07-28 11:09:38,024:DEBUG:discord.http: GET https://discord.com/api/v7/gateway has received {'url': 'wss://gateway.discord.gg'}
2022-07-28 11:09:38,024:DEBUG:discord.http: GET https://discord.com/api/v7/gateway has received {'url': 'wss://gateway.discord.gg'}
2022-07-28 11:09:38,253:DEBUG:discord.gateway: Created websocket connected to wss://gateway.discord.gg?encoding=json&v=6&compress=zlib-stream
2022-07-28 11:09:38,253:DEBUG:discord.gateway: Created websocket connected to wss://gateway.discord.gg?encoding=json&v=6&compress=zlib-stream
2022-07-28 11:09:38,253:DEBUG:discord.client: Dispatching event socket_raw_receive
2022-07-28 11:09:38,253:DEBUG:discord.client: Dispatching event socket_raw_receive
2022-07-28 11:09:38,253:DEBUG:discord.gateway: For Shard ID None: WebSocket Event: {'t': None, 's': None, 'op': 10, 'd': {'heartbeat_interval': 41250, '_trace': ['["gateway-prd-main-lj14",{"micros":0.0}]']}}
2022-07-28 11:09:38,253:DEBUG:discord.gateway: For Shard ID None: WebSocket Event: {'t': None, 's': None, 'op': 10, 'd': {'heartbeat_interval': 41250, '_trace': ['["gateway-prd-main-lj14",{"micros":0.0}]']}}
2022-07-28 11:09:38,253:DEBUG:discord.client: Dispatching event socket_response
2022-07-28 11:09:38,253:DEBUG:discord.client: Dispatching event socket_response
2022-07-28 11:09:38,253:DEBUG:discord.client: Dispatching event socket_raw_send
2022-07-28 11:09:38,253:DEBUG:discord.client: Dispatching event socket_raw_send
2022-07-28 11:09:38,254:DEBUG:discord.client: Dispatching event socket_raw_send
2022-07-28 11:09:38,254:DEBUG:discord.client: Dispatching event socket_raw_send
2022-07-28 11:09:38,254:INFO:discord.gateway: Shard ID None has sent the IDENTIFY payload.
2022-07-28 11:09:38,254:INFO:discord.gateway: Shard ID None has sent the IDENTIFY payload.
2022-07-28 11:09:38,396:DEBUG:discord.client: Dispatching event socket_raw_receive
2022-07-28 11:09:38,396:DEBUG:discord.client: Dispatching event socket_raw_receive
2022-07-28 11:09:38,397:DEBUG:discord.gateway: For Shard ID None: WebSocket Event: {'t': None, 's': None, 'op': 11, 'd': None}
2022-07-28 11:09:38,397:DEBUG:discord.gateway: For Shard ID None: WebSocket Event: {'t': None, 's': None, 'op': 11, 'd': None}
2022-07-28 11:09:38,397:DEBUG:discord.client: Dispatching event socket_response
2022-07-28 11:09:38,397:DEBUG:discord.client: Dispatching event socket_response
2022-07-28 11:09:38,491:DEBUG:discord.client: Dispatching event socket_raw_receive
2022-07-28 11:09:38,491:DEBUG:discord.client: Dispatching event socket_raw_receive
2022-07-28 11:09:38,491:DEBUG:discord.gateway: For Shard ID None: WebSocket Event: {'t': 'READY', 's': 1, 'op': 0, 'd': {'v': 6, 'user_settings': {}, 'user': {'verified': True, 'username': "Mankifg's bot", 'mfa_enabled': False, 'id': '967769605999329301', 'flags': 0, 'email': None, 'discriminator': '4006', 'bot': True, 'avatar': None}, 'session_type': 'normal', 'session_id': '2c491dfd4019f257b88b83995dac4c7d', 'resume_gateway_url': 'wss://gateway.discord.gg/', 'relationships': [], 'private_channels': [], 'presences': [], 'guilds': [{'unavailable': True, 'id': '797820580547919924'}], 'guild_join_requests': [], 'geo_ordered_rtc_regions': ['milan', 'bucharest', 'rotterdam', 'stockholm', 'madrid'], 'application': {'id': '967769605999329301', 'flags': 262144}, '_trace': ['["gateway-prd-main-lj14",{"micros":88471,"calls":["discord-sessions-blue-prd-2-91",{"micros":87483,"calls":["start_session",{"micros":60931,"calls":["discord-api-f8dd45c-mqv26",{"micros":54117,"calls":["get_user",{"micros":9344},"add_authorized_ip",{"micros":1884},"get_guilds",{"micros":7534},"coros_wait",{"micros":0}]}]},"guilds_connect",{"micros":2,"calls":[]},"presence_connect",{"micros":25872,"calls":[]}]}]}]']}}
2022-07-28 11:09:38,491:DEBUG:discord.gateway: For Shard ID None: WebSocket Event: {'t': 'READY', 's': 1, 'op': 0, 'd': {'v': 6, 'user_settings': {}, 'user': {'verified': True, 'username': "Mankifg's bot", 'mfa_enabled': False, 'id': '967769605999329301', 'flags': 0, 'email': None, 'discriminator': '4006', 'bot': True, 'avatar': None}, 'session_type': 'normal', 'session_id': '2c491dfd4019f257b88b83995dac4c7d', 'resume_gateway_url': 'wss://gateway.discord.gg/', 'relationships': [], 'private_channels': [], 'presences': [], 'guilds': [{'unavailable': True, 'id': '797820580547919924'}], 'guild_join_requests': [], 'geo_ordered_rtc_regions': ['milan', 'bucharest', 'rotterdam', 'stockholm', 'madrid'], 'application': {'id': '967769605999329301', 'flags': 262144}, '_trace': ['["gateway-prd-main-lj14",{"micros":88471,"calls":["discord-sessions-blue-prd-2-91",{"micros":87483,"calls":["start_session",{"micros":60931,"calls":["discord-api-f8dd45c-mqv26",{"micros":54117,"calls":["get_user",{"micros":9344},"add_authorized_ip",{"micros":1884},"get_guilds",{"micros":7534},"coros_wait",{"micros":0}]}]},"guilds_connect",{"micros":2,"calls":[]},"presence_connect",{"micros":25872,"calls":[]}]}]}]']}}
2022-07-28 11:09:38,491:DEBUG:discord.client: Dispatching event socket_response
2022-07-28 11:09:38,491:DEBUG:discord.client: Dispatching event socket_response
2022-07-28 11:09:38,491:INFO:discord.gateway: Shard ID None has connected to Gateway: ["gateway-prd-main-lj14",{"micros":88471,"calls":["discord-sessions-blue-prd-2-91",{"micros":87483,"calls":["start_session",{"micros":60931,"calls":["discord-api-f8dd45c-mqv26",{"micros":54117,"calls":["get_user",{"micros":9344},"add_authorized_ip",{"micros":1884},"get_guilds",{"micros":7534},"coros_wait",{"micros":0}]}]},"guilds_connect",{"micros":2,"calls":[]},"presence_connect",{"micros":25872,"calls":[]}]}]}] (Session ID: 2c491dfd4019f257b88b83995dac4c7d).
2022-07-28 11:09:38,491:INFO:discord.gateway: Shard ID None has connected to Gateway: ["gateway-prd-main-lj14",{"micros":88471,"calls":["discord-sessions-blue-prd-2-91",{"micros":87483,"calls":["start_session",{"micros":60931,"calls":["discord-api-f8dd45c-mqv26",{"micros":54117,"calls":["get_user",{"micros":9344},"add_authorized_ip",{"micros":1884},"get_guilds",{"micros":7534},"coros_wait",{"micros":0}]}]},"guilds_connect",{"micros":2,"calls":[]},"presence_connect",{"micros":25872,"calls":[]}]}]}] (Session ID: 2c491dfd4019f257b88b83995dac4c7d).
2022-07-28 11:09:38,501:DEBUG:discord.client: Dispatching event connect
2022-07-28 11:09:38,501:DEBUG:discord.client: Dispatching event connect
2022-07-28 11:09:38,501:DEBUG:discord.client: Dispatching event socket_raw_receive
2022-07-28 11:09:38,501:DEBUG:discord.client: Dispatching event socket_raw_receive
2022-07-28 11:09:38,501:DEBUG:discord.gateway: For Shard ID None: WebSocket Event: {'t': 'GUILD_CREATE', 's': 2, 'op': 0, 'd': {'max_members': 500000, 'name': "Mankifg's bot server", 'nsfw': False, 'stickers': [], 'premium_tier': 0, 'application_command_counts': {'1': 1}, 'voice_states': [], 'mfa_level': 0, 'splash': None, 'max_video_channel_users': 25, 'roles': [{'unicode_emoji': None, 'tags': {}, 'position': 0, 'permissions_new': '1071698660929', 'permissions': 104320577, 'name': '@everyone', 'mentionable': False, 'managed': False, 'id': '797820580547919924', 'icon': None, 'hoist': False, 'flags': 0, 'color': 0}, {'unicode_emoji': None, 'tags': {}, 'position': 4, 'permissions_new': '6546771529', 'permissions': 104320585, 'name': 'admin', 'mentionable': False, 'managed': False, 'id': '832231817020440636', 'icon': None, 'hoist': True, 'flags': 0, 'color': 3447003}, {'unicode_emoji': None, 'tags': {'bot_id': '967769605999329301'}, 'position': 1, 'permissions_new': '8', 'permissions': 8, 'name': "Mankifg's bot", 'mentionable': False, 'managed': True, 'id': '967770056916353037', 'icon': None, 'hoist': False, 'flags': 0, 'color': 0}, {'unicode_emoji': None, 'tags': {'bot_id': '997098532089634896'}, 'position': 1, 'permissions_new': '8', 'permissions': 8, 'name': 'Pilot1782/bad_copenheimer', 'mentionable': False, 'managed': True, 'id': '997104766377283627', 'icon': None, 'hoist': False, 'flags': 0, 'color': 0}], 'nsfw_level': 0, 'channels': [{'type': 4, 'position': 0, 'permission_overwrites': [], 'name': 'Text Channels', 'id': '797820580547919925', 'flags': 0}, {'type': 4, 'position': 0, 'permission_overwrites': [], 'name': 'Voice Channels', 'id': '797820580547919926', 'flags': 0}, {'user_limit': 0, 'type': 2, 'rtc_region': None, 'rate_limit_per_user': 0, 'position': 0, 'permission_overwrites': [], 'parent_id': '797820580547919926', 'name': 'General', 'last_message_id': None, 'id': '797820580979408937', 'flags': 0, 'bitrate': 64000}, {'type': 0, 'topic': None, 'rate_limit_per_user': 0, 'position': 0, 'permission_overwrites': [], 'parent_id': '797820580547919925', 'name': 'general', 'last_message_id': '1001459617710231592', 'id': '995646223925129296', 'flags': 0}], 'description': None, 'preferred_locale': 'en-US', 'application_id': None, 'embedded_activities': [], 'discovery_splash': None, 'member_count': 4, 'features': [], 'default_message_notifications': 0, 'explicit_content_filter': 0, 'guild_hashes': {'version': 1, 'roles': {'omitted': False, 'hash': 'TJW0Iw'}, 'metadata': {'omitted': False, 'hash': 'pET3vA'}, 'channels': {'omitted': False, 'hash': 'MRJv1w'}}, 'afk_channel_id': None, 'members': [{'user': {'username': "Mankifg's bot", 'public_flags': 0, 'id': '967769605999329301', 'discriminator': '4006', 'bot': True, 'avatar': None}, 'roles': ['832231817020440636', '967770056916353037'], 'premium_since': None, 'pending': False, 'nick': None, 'mute': False, 'joined_at': '2022-04-24T12:52:41.997000+00:00', 'flags': 0, 'deaf': False, 'communication_disabled_until': None, 'avatar': None}], 'vanity_url_code': None, 'threads': [], 'lazy': True, 'rules_channel_id': None, 'joined_at': '2022-04-24T12:52:41.997000+00:00', 'stage_instances': [], 'public_updates_channel_id': None, 'owner_id': '650756055390879757', 'unavailable': False, 'emojis': [{'roles': [], 'require_colons': True, 'name': 'leave', 'managed': False, 'id': '996039749741592647', 'available': True, 'animated': False}], 'id': '797820580547919924', 'premium_subscription_count': 0, 'region': 'deprecated', 'system_channel_flags': 0, 'premium_progress_bar_enabled': False, 'system_channel_id': None, 'banner': None, 'large': False, 'guild_scheduled_events': [], 'verification_level': 2, 'hub_type': None, 'icon': None, 'afk_timeout': 300, 'presences': []}}
2022-07-28 11:09:38,501:DEBUG:discord.gateway: For Shard ID None: WebSocket Event: {'t': 'GUILD_CREATE', 's': 2, 'op': 0, 'd': {'max_members': 500000, 'name': "Mankifg's bot server", 'nsfw': False, 'stickers': [], 'premium_tier': 0, 'application_command_counts': {'1': 1}, 'voice_states': [], 'mfa_level': 0, 'splash': None, 'max_video_channel_users': 25, 'roles': [{'unicode_emoji': None, 'tags': {}, 'position': 0, 'permissions_new': '1071698660929', 'permissions': 104320577, 'name': '@everyone', 'mentionable': False, 'managed': False, 'id': '797820580547919924', 'icon': None, 'hoist': False, 'flags': 0, 'color': 0}, {'unicode_emoji': None, 'tags': {}, 'position': 4, 'permissions_new': '6546771529', 'permissions': 104320585, 'name': 'admin', 'mentionable': False, 'managed': False, 'id': '832231817020440636', 'icon': None, 'hoist': True, 'flags': 0, 'color': 3447003}, {'unicode_emoji': None, 'tags': {'bot_id': '967769605999329301'}, 'position': 1, 'permissions_new': '8', 'permissions': 8, 'name': "Mankifg's bot", 'mentionable': False, 'managed': True, 'id': '967770056916353037', 'icon': None, 'hoist': False, 'flags': 0, 'color': 0}, {'unicode_emoji': None, 'tags': {'bot_id': '997098532089634896'}, 'position': 1, 'permissions_new': '8', 'permissions': 8, 'name': 'Pilot1782/bad_copenheimer', 'mentionable': False, 'managed': True, 'id': '997104766377283627', 'icon': None, 'hoist': False, 'flags': 0, 'color': 0}], 'nsfw_level': 0, 'channels': [{'type': 4, 'position': 0, 'permission_overwrites': [], 'name': 'Text Channels', 'id': '797820580547919925', 'flags': 0}, {'type': 4, 'position': 0, 'permission_overwrites': [], 'name': 'Voice Channels', 'id': '797820580547919926', 'flags': 0}, {'user_limit': 0, 'type': 2, 'rtc_region': None, 'rate_limit_per_user': 0, 'position': 0, 'permission_overwrites': [], 'parent_id': '797820580547919926', 'name': 'General', 'last_message_id': None, 'id': '797820580979408937', 'flags': 0, 'bitrate': 64000}, {'type': 0, 'topic': None, 'rate_limit_per_user': 0, 'position': 0, 'permission_overwrites': [], 'parent_id': '797820580547919925', 'name': 'general', 'last_message_id': '1001459617710231592', 'id': '995646223925129296', 'flags': 0}], 'description': None, 'preferred_locale': 'en-US', 'application_id': None, 'embedded_activities': [], 'discovery_splash': None, 'member_count': 4, 'features': [], 'default_message_notifications': 0, 'explicit_content_filter': 0, 'guild_hashes': {'version': 1, 'roles': {'omitted': False, 'hash': 'TJW0Iw'}, 'metadata': {'omitted': False, 'hash': 'pET3vA'}, 'channels': {'omitted': False, 'hash': 'MRJv1w'}}, 'afk_channel_id': None, 'members': [{'user': {'username': "Mankifg's bot", 'public_flags': 0, 'id': '967769605999329301', 'discriminator': '4006', 'bot': True, 'avatar': None}, 'roles': ['832231817020440636', '967770056916353037'], 'premium_since': None, 'pending': False, 'nick': None, 'mute': False, 'joined_at': '2022-04-24T12:52:41.997000+00:00', 'flags': 0, 'deaf': False, 'communication_disabled_until': None, 'avatar': None}], 'vanity_url_code': None, 'threads': [], 'lazy': True, 'rules_channel_id': None, 'joined_at': '2022-04-24T12:52:41.997000+00:00', 'stage_instances': [], 'public_updates_channel_id': None, 'owner_id': '650756055390879757', 'unavailable': False, 'emojis': [{'roles': [], 'require_colons': True, 'name': 'leave', 'managed': False, 'id': '996039749741592647', 'available': True, 'animated': False}], 'id': '797820580547919924', 'premium_subscription_count': 0, 'region': 'deprecated', 'system_channel_flags': 0, 'premium_progress_bar_enabled': False, 'system_channel_id': None, 'banner': None, 'large': False, 'guild_scheduled_events': [], 'verification_level': 2, 'hub_type': None, 'icon': None, 'afk_timeout': 300, 'presences': []}}
2022-07-28 11:09:38,501:DEBUG:discord.client: Dispatching event socket_response
2022-07-28 11:09:38,501:DEBUG:discord.client: Dispatching event socket_response
2022-07-28 11:09:38,502:DEBUG:discord.client: Dispatching event guild_available
2022-07-28 11:09:38,502:DEBUG:discord.client: Dispatching event guild_available
2022-07-28 11:09:40,513:DEBUG:discord.client: Dispatching event ready
2022-07-28 11:09:40,513:DEBUG:discord.client: Dispatching event ready
2022-07-28 11:09:40,514:DEBUG:discord.gateway: Sending "{"op":3,"d":{"game":{"flags":0,"type":3,"name":"m!help"},"afk":false,"since":0.0,"status":"online"}}" to change status
2022-07-28 11:09:40,514:DEBUG:discord.gateway: Sending "{"op":3,"d":{"game":{"flags":0,"type":3,"name":"m!help"},"afk":false,"since":0.0,"status":"online"}}" to change status
2022-07-28 11:09:40,514:DEBUG:discord.client: Dispatching event socket_raw_send
2022-07-28 11:09:40,514:DEBUG:discord.client: Dispatching event socket_raw_send
2022-07-28 11:09:40,720:DEBUG:discord.http: GET https://discord.com/api/v8/applications/967769605999329301/commands with None has returned 200
2022-07-28 11:09:40,720:DEBUG:discord.http: GET https://discord.com/api/v8/applications/967769605999329301/commands with None has returned 200
2022-07-28 11:09:40,720:DEBUG:discord.http: GET https://discord.com/api/v8/applications/967769605999329301/commands has received []
2022-07-28 11:09:40,720:DEBUG:discord.http: GET https://discord.com/api/v8/applications/967769605999329301/commands has received []
2022-07-28 11:09:52,326:DEBUG:discord.client: Dispatching event socket_raw_receive
2022-07-28 11:09:52,326:DEBUG:discord.client: Dispatching event socket_raw_receive
2022-07-28 11:09:52,327:DEBUG:discord.gateway: For Shard ID None: WebSocket Event: {'t': 'MESSAGE_CREATE', 's': 3, 'op': 0, 'd': {'type': 0, 'tts': False, 'timestamp': '2022-07-28T09:10:11.944000+00:00', 'referenced_message': None, 'pinned': False, 'nonce': '1002140827301969920', 'mentions': [], 'mention_roles': [], 'mention_everyone': False, 'member': {'roles': ['832231817020440636'], 'premium_since': None, 'pending': False, 'nick': None, 'mute': False, 'joined_at': '2021-01-10T13:34:09.274000+00:00', 'flags': 0, 'deaf': False, 'communication_disabled_until': None, 'avatar': None}, 'id': '1002140910513037353', 'flags': 0, 'embeds': [], 'edited_timestamp': None, 'content': 'm!help', 'components': [], 'channel_id': '995646223925129296', 'author': {'username': 'Mankifg', 'public_flags': 128, 'id': '650756055390879757', 'discriminator': '1810', 'avatar_decoration': None, 'avatar': 'a8957ced26d558b536a381fc8708c4ae'}, 'attachments': [], 'guild_id': '797820580547919924'}}
2022-07-28 11:09:52,327:DEBUG:discord.gateway: For Shard ID None: WebSocket Event: {'t': 'MESSAGE_CREATE', 's': 3, 'op': 0, 'd': {'type': 0, 'tts': False, 'timestamp': '2022-07-28T09:10:11.944000+00:00', 'referenced_message': None, 'pinned': False, 'nonce': '1002140827301969920', 'mentions': [], 'mention_roles': [], 'mention_everyone': False, 'member': {'roles': ['832231817020440636'], 'premium_since': None, 'pending': False, 'nick': None, 'mute': False, 'joined_at': '2021-01-10T13:34:09.274000+00:00', 'flags': 0, 'deaf': False, 'communication_disabled_until': None, 'avatar': None}, 'id': '1002140910513037353', 'flags': 0, 'embeds': [], 'edited_timestamp': None, 'content': 'm!help', 'components': [], 'channel_id': '995646223925129296', 'author': {'username': 'Mankifg', 'public_flags': 128, 'id': '650756055390879757', 'discriminator': '1810', 'avatar_decoration': None, 'avatar': 'a8957ced26d558b536a381fc8708c4ae'}, 'attachments': [], 'guild_id': '797820580547919924'}}
2022-07-28 11:09:52,327:DEBUG:discord.client: Dispatching event socket_response
2022-07-28 11:09:52,327:DEBUG:discord.client: Dispatching event socket_response
2022-07-28 11:09:52,327:DEBUG:discord.client: Dispatching event message
2022-07-28 11:09:52,327:DEBUG:discord.client: Dispatching event message
2022-07-28 11:09:52,327:DEBUG:discord.client: Dispatching event command_error
2022-07-28 11:09:52,327:DEBUG:discord.client: Dispatching event command_error
2022-07-28 11:09:57,140:DEBUG:discord.client: Dispatching event socket_raw_receive
2022-07-28 11:09:57,140:DEBUG:discord.client: Dispatching event socket_raw_receive
2022-07-28 11:09:57,140:DEBUG:discord.gateway: For Shard ID None: WebSocket Event: {'t': 'TYPING_START', 's': 4, 'op': 0, 'd': {'user_id': '650756055390879757', 'timestamp': 1658999416, 'member': {'user': {'username': 'Mankifg', 'public_flags': 128, 'id': '650756055390879757', 'discriminator': '1810', 'bot': False, 'avatar': 'a8957ced26d558b536a381fc8708c4ae'}, 'roles': ['832231817020440636'], 'premium_since': None, 'pending': False, 'nick': None, 'mute': False, 'joined_at': '2021-01-10T13:34:09.274000+00:00', 'flags': 0, 'deaf': False, 'communication_disabled_until': None, 'avatar': None}, 'channel_id': '995646223925129296', 'guild_id': '797820580547919924'}}
2022-07-28 11:09:57,140:DEBUG:discord.gateway: For Shard ID None: WebSocket Event: {'t': 'TYPING_START', 's': 4, 'op': 0, 'd': {'user_id': '650756055390879757', 'timestamp': 1658999416, 'member': {'user': {'username': 'Mankifg', 'public_flags': 128, 'id': '650756055390879757', 'discriminator': '1810', 'bot': False, 'avatar': 'a8957ced26d558b536a381fc8708c4ae'}, 'roles': ['832231817020440636'], 'premium_since': None, 'pending': False, 'nick': None, 'mute': False, 'joined_at': '2021-01-10T13:34:09.274000+00:00', 'flags': 0, 'deaf': False, 'communication_disabled_until': None, 'avatar': None}, 'channel_id': '995646223925129296', 'guild_id': '797820580547919924'}}
2022-07-28 11:09:57,140:DEBUG:discord.client: Dispatching event socket_response
2022-07-28 11:09:57,140:DEBUG:discord.client: Dispatching event socket_response
2022-07-28 11:09:57,141:DEBUG:discord.client: Dispatching event typing
2022-07-28 11:09:57,141:DEBUG:discord.client: Dispatching event typing
2022-07-28 11:09:57,750:DEBUG:discord.client: Dispatching event socket_raw_receive
2022-07-28 11:09:57,750:DEBUG:discord.client: Dispatching event socket_raw_receive
2022-07-28 11:09:57,750:DEBUG:discord.gateway: For Shard ID None: WebSocket Event: {'t': 'MESSAGE_CREATE', 's': 5, 'op': 0, 'd': {'type': 0, 'tts': False, 'timestamp': '2022-07-28T09:10:17.344000+00:00', 'referenced_message': None, 'pinned': False, 'nonce': '1002140849624055808', 'mentions': [], 'mention_roles': [], 'mention_everyone': False, 'member': {'roles': ['832231817020440636'], 'premium_since': None, 'pending': False, 'nick': None, 'mute': False, 'joined_at': '2021-01-10T13:34:09.274000+00:00', 'flags': 0, 'deaf': False, 'communication_disabled_until': None, 'avatar': None}, 'id': '1002140933162283008', 'flags': 0, 'embeds': [], 'edited_timestamp': None, 'content': 'm!ping', 'components': [], 'channel_id': '995646223925129296', 'author': {'username': 'Mankifg', 'public_flags': 128, 'id': '650756055390879757', 'discriminator': '1810', 'avatar_decoration': None, 'avatar': 'a8957ced26d558b536a381fc8708c4ae'}, 'attachments': [], 'guild_id': '797820580547919924'}}
2022-07-28 11:09:57,750:DEBUG:discord.gateway: For Shard ID None: WebSocket Event: {'t': 'MESSAGE_CREATE', 's': 5, 'op': 0, 'd': {'type': 0, 'tts': False, 'timestamp': '2022-07-28T09:10:17.344000+00:00', 'referenced_message': None, 'pinned': False, 'nonce': '1002140849624055808', 'mentions': [], 'mention_roles': [], 'mention_everyone': False, 'member': {'roles': ['832231817020440636'], 'premium_since': None, 'pending': False, 'nick': None, 'mute': False, 'joined_at': '2021-01-10T13:34:09.274000+00:00', 'flags': 0, 'deaf': False, 'communication_disabled_until': None, 'avatar': None}, 'id': '1002140933162283008', 'flags': 0, 'embeds': [], 'edited_timestamp': None, 'content': 'm!ping', 'components': [], 'channel_id': '995646223925129296', 'author': {'username': 'Mankifg', 'public_flags': 128, 'id': '650756055390879757', 'discriminator': '1810', 'avatar_decoration': None, 'avatar': 'a8957ced26d558b536a381fc8708c4ae'}, 'attachments': [], 'guild_id': '797820580547919924'}}
2022-07-28 11:09:57,750:DEBUG:discord.client: Dispatching event socket_response
2022-07-28 11:09:57,750:DEBUG:discord.client: Dispatching event socket_response
2022-07-28 11:09:57,750:DEBUG:discord.client: Dispatching event message
2022-07-28 11:09:57,750:DEBUG:discord.client: Dispatching event message
2022-07-28 11:09:57,751:DEBUG:discord.client: Dispatching event command_error
2022-07-28 11:09:57,751:DEBUG:discord.client: Dispatching event command_error
2022-07-28 11:10:00,746:INFO:discord.client: Received signal to terminate bot and event loop.
2022-07-28 11:10:00,746:INFO:discord.client: Received signal to terminate bot and event loop.
2022-07-28 11:10:00,746:INFO:discord.client: Cleaning up tasks.
2022-07-28 11:10:00,746:INFO:discord.client: Cleaning up tasks.
2022-07-28 11:10:00,746:INFO:discord.client: Cleaning up after 2 tasks.
2022-07-28 11:10:00,746:INFO:discord.client: Cleaning up after 2 tasks.
2022-07-28 11:10:00,747:INFO:discord.client: All tasks finished cancelling.
2022-07-28 11:10:00,747:INFO:discord.client: All tasks finished cancelling.
2022-07-28 11:10:00,747:INFO:discord.client: Closing the event loop.
2022-07-28 11:10:00,747:INFO:discord.client: Closing the event loop.
2022-07-28 11:10:00,748:DEBUG:discord.client: on_ready has successfully been registered as an event
2022-07-28 11:10:00,748:DEBUG:discord.client: on_ready has successfully been registered as an event
2022-07-28 11:12:34,099:WARNING:discord.client: PyNaCl is not installed, voice will NOT be supported
2022-07-28 11:12:34,115:DEBUG:discord.client: on_ready has successfully been registered as an event
2022-07-28 11:12:34,115:DEBUG:discord.client: on_ready has successfully been registered as an event
2022-07-28 11:12:34,115:INFO:discord.client: logging in using static token
2022-07-28 11:12:34,115:INFO:discord.client: logging in using static token
2022-07-28 11:12:34,362:DEBUG:discord.http: GET https://discord.com/api/v7/users/@me with None has returned 200
2022-07-28 11:12:34,362:DEBUG:discord.http: GET https://discord.com/api/v7/users/@me with None has returned 200
2022-07-28 11:12:34,362:DEBUG:discord.http: GET https://discord.com/api/v7/users/@me has received {'id': '967769605999329301', 'username': "Mankifg's bot", 'avatar': None, 'avatar_decoration': None, 'discriminator': '4006', 'public_flags': 0, 'flags': 0, 'bot': True, 'banner': None, 'banner_color': None, 'accent_color': None, 'bio': '', 'locale': 'en-US', 'mfa_enabled': False, 'email': None, 'verified': True}
2022-07-28 11:12:34,362:DEBUG:discord.http: GET https://discord.com/api/v7/users/@me has received {'id': '967769605999329301', 'username': "Mankifg's bot", 'avatar': None, 'avatar_decoration': None, 'discriminator': '4006', 'public_flags': 0, 'flags': 0, 'bot': True, 'banner': None, 'banner_color': None, 'accent_color': None, 'bio': '', 'locale': 'en-US', 'mfa_enabled': False, 'email': None, 'verified': True}
2022-07-28 11:12:34,397:DEBUG:discord.http: GET https://discord.com/api/v7/gateway with None has returned 200
2022-07-28 11:12:34,397:DEBUG:discord.http: GET https://discord.com/api/v7/gateway with None has returned 200
2022-07-28 11:12:34,397:DEBUG:discord.http: GET https://discord.com/api/v7/gateway has received {'url': 'wss://gateway.discord.gg'}
2022-07-28 11:12:34,397:DEBUG:discord.http: GET https://discord.com/api/v7/gateway has received {'url': 'wss://gateway.discord.gg'}
2022-07-28 11:12:34,630:DEBUG:discord.gateway: Created websocket connected to wss://gateway.discord.gg?encoding=json&v=6&compress=zlib-stream
2022-07-28 11:12:34,630:DEBUG:discord.gateway: Created websocket connected to wss://gateway.discord.gg?encoding=json&v=6&compress=zlib-stream
2022-07-28 11:12:34,631:DEBUG:discord.client: Dispatching event socket_raw_receive
2022-07-28 11:12:34,631:DEBUG:discord.client: Dispatching event socket_raw_receive
2022-07-28 11:12:34,631:DEBUG:discord.gateway: For Shard ID None: WebSocket Event: {'t': None, 's': None, 'op': 10, 'd': {'heartbeat_interval': 41250, '_trace': ['["gateway-prd-main-1zgh",{"micros":0.0}]']}}
2022-07-28 11:12:34,631:DEBUG:discord.gateway: For Shard ID None: WebSocket Event: {'t': None, 's': None, 'op': 10, 'd': {'heartbeat_interval': 41250, '_trace': ['["gateway-prd-main-1zgh",{"micros":0.0}]']}}
2022-07-28 11:12:34,631:DEBUG:discord.client: Dispatching event socket_response
2022-07-28 11:12:34,631:DEBUG:discord.client: Dispatching event socket_response
2022-07-28 11:12:34,631:DEBUG:discord.client: Dispatching event socket_raw_send
2022-07-28 11:12:34,631:DEBUG:discord.client: Dispatching event socket_raw_send
2022-07-28 11:12:34,632:DEBUG:discord.client: Dispatching event socket_raw_send
2022-07-28 11:12:34,632:DEBUG:discord.client: Dispatching event socket_raw_send
2022-07-28 11:12:34,632:INFO:discord.gateway: Shard ID None has sent the IDENTIFY payload.
2022-07-28 11:12:34,632:INFO:discord.gateway: Shard ID None has sent the IDENTIFY payload.
2022-07-28 11:12:34,777:DEBUG:discord.client: Dispatching event socket_raw_receive
2022-07-28 11:12:34,777:DEBUG:discord.client: Dispatching event socket_raw_receive
2022-07-28 11:12:34,777:DEBUG:discord.gateway: For Shard ID None: WebSocket Event: {'t': None, 's': None, 'op': 11, 'd': None}
2022-07-28 11:12:34,777:DEBUG:discord.gateway: For Shard ID None: WebSocket Event: {'t': None, 's': None, 'op': 11, 'd': None}
2022-07-28 11:12:34,778:DEBUG:discord.client: Dispatching event socket_response
2022-07-28 11:12:34,778:DEBUG:discord.client: Dispatching event socket_response
2022-07-28 11:12:34,840:DEBUG:discord.client: Dispatching event socket_raw_receive
2022-07-28 11:12:34,840:DEBUG:discord.client: Dispatching event socket_raw_receive
2022-07-28 11:12:34,840:DEBUG:discord.gateway: For Shard ID None: WebSocket Event: {'t': 'READY', 's': 1, 'op': 0, 'd': {'v': 6, 'user_settings': {}, 'user': {'verified': True, 'username': "Mankifg's bot", 'mfa_enabled': False, 'id': '967769605999329301', 'flags': 0, 'email': None, 'discriminator': '4006', 'bot': True, 'avatar': None}, 'session_type': 'normal', 'session_id': '48f2940a8f90788bf8ee1b897eabe010', 'resume_gateway_url': 'wss://gateway.discord.gg/', 'relationships': [], 'private_channels': [], 'presences': [], 'guilds': [{'unavailable': True, 'id': '797820580547919924'}], 'guild_join_requests': [], 'geo_ordered_rtc_regions': ['milan', 'bucharest', 'rotterdam', 'stockholm', 'madrid'], 'application': {'id': '967769605999329301', 'flags': 262144}, '_trace': ['["gateway-prd-main-1zgh",{"micros":67071,"calls":["discord-sessions-blue-prd-2-92",{"micros":62189,"calls":["start_session",{"micros":50207,"calls":["discord-api-f8dd45c-hx87d",{"micros":46344,"calls":["get_user",{"micros":7885},"add_authorized_ip",{"micros":2839},"get_guilds",{"micros":10414},"coros_wait",{"micros":1}]}]},"guilds_connect",{"micros":2,"calls":[]},"presence_connect",{"micros":11406,"calls":[]}]}]}]']}}
2022-07-28 11:12:34,840:DEBUG:discord.gateway: For Shard ID None: WebSocket Event: {'t': 'READY', 's': 1, 'op': 0, 'd': {'v': 6, 'user_settings': {}, 'user': {'verified': True, 'username': "Mankifg's bot", 'mfa_enabled': False, 'id': '967769605999329301', 'flags': 0, 'email': None, 'discriminator': '4006', 'bot': True, 'avatar': None}, 'session_type': 'normal', 'session_id': '48f2940a8f90788bf8ee1b897eabe010', 'resume_gateway_url': 'wss://gateway.discord.gg/', 'relationships': [], 'private_channels': [], 'presences': [], 'guilds': [{'unavailable': True, 'id': '797820580547919924'}], 'guild_join_requests': [], 'geo_ordered_rtc_regions': ['milan', 'bucharest', 'rotterdam', 'stockholm', 'madrid'], 'application': {'id': '967769605999329301', 'flags': 262144}, '_trace': ['["gateway-prd-main-1zgh",{"micros":67071,"calls":["discord-sessions-blue-prd-2-92",{"micros":62189,"calls":["start_session",{"micros":50207,"calls":["discord-api-f8dd45c-hx87d",{"micros":46344,"calls":["get_user",{"micros":7885},"add_authorized_ip",{"micros":2839},"get_guilds",{"micros":10414},"coros_wait",{"micros":1}]}]},"guilds_connect",{"micros":2,"calls":[]},"presence_connect",{"micros":11406,"calls":[]}]}]}]']}}
2022-07-28 11:12:34,840:DEBUG:discord.client: Dispatching event socket_response
2022-07-28 11:12:34,840:DEBUG:discord.client: Dispatching event socket_response
2022-07-28 11:12:34,841:INFO:discord.gateway: Shard ID None has connected to Gateway: ["gateway-prd-main-1zgh",{"micros":67071,"calls":["discord-sessions-blue-prd-2-92",{"micros":62189,"calls":["start_session",{"micros":50207,"calls":["discord-api-f8dd45c-hx87d",{"micros":46344,"calls":["get_user",{"micros":7885},"add_authorized_ip",{"micros":2839},"get_guilds",{"micros":10414},"coros_wait",{"micros":1}]}]},"guilds_connect",{"micros":2,"calls":[]},"presence_connect",{"micros":11406,"calls":[]}]}]}] (Session ID: 48f2940a8f90788bf8ee1b897eabe010).
2022-07-28 11:12:34,841:INFO:discord.gateway: Shard ID None has connected to Gateway: ["gateway-prd-main-1zgh",{"micros":67071,"calls":["discord-sessions-blue-prd-2-92",{"micros":62189,"calls":["start_session",{"micros":50207,"calls":["discord-api-f8dd45c-hx87d",{"micros":46344,"calls":["get_user",{"micros":7885},"add_authorized_ip",{"micros":2839},"get_guilds",{"micros":10414},"coros_wait",{"micros":1}]}]},"guilds_connect",{"micros":2,"calls":[]},"presence_connect",{"micros":11406,"calls":[]}]}]}] (Session ID: 48f2940a8f90788bf8ee1b897eabe010).
2022-07-28 11:12:34,851:DEBUG:discord.client: Dispatching event connect
2022-07-28 11:12:34,851:DEBUG:discord.client: Dispatching event connect
2022-07-28 11:12:34,851:DEBUG:discord.client: Dispatching event socket_raw_receive
2022-07-28 11:12:34,851:DEBUG:discord.client: Dispatching event socket_raw_receive
2022-07-28 11:12:34,852:DEBUG:discord.gateway: For Shard ID None: WebSocket Event: {'t': 'GUILD_CREATE', 's': 2, 'op': 0, 'd': {'guild_hashes': {'version': 1, 'roles': {'omitted': False, 'hash': 'TJW0Iw'}, 'metadata': {'omitted': False, 'hash': 'pET3vA'}, 'channels': {'omitted': False, 'hash': 'MRJv1w'}}, 'nsfw_level': 0, 'application_command_counts': {'1': 1}, 'name': "Mankifg's bot server", 'mfa_level': 0, 'splash': None, 'discovery_splash': None, 'icon': None, 'lazy': True, 'system_channel_flags': 0, 'embedded_activities': [], 'voice_states': [], 'premium_tier': 0, 'description': None, 'hub_type': None, 'application_id': None, 'max_members': 500000, 'guild_scheduled_events': [], 'member_count': 4, 'preferred_locale': 'en-US', 'channels': [{'type': 4, 'position': 0, 'permission_overwrites': [], 'name': 'Text Channels', 'id': '797820580547919925', 'flags': 0}, {'type': 4, 'position': 0, 'permission_overwrites': [], 'name': 'Voice Channels', 'id': '797820580547919926', 'flags': 0}, {'user_limit': 0, 'type': 2, 'rtc_region': None, 'rate_limit_per_user': 0, 'position': 0, 'permission_overwrites': [], 'parent_id': '797820580547919926', 'name': 'General', 'last_message_id': None, 'id': '797820580979408937', 'flags': 0, 'bitrate': 64000}, {'type': 0, 'topic': None, 'rate_limit_per_user': 0, 'position': 0, 'permission_overwrites': [], 'parent_id': '797820580547919925', 'name': 'general', 'last_message_id': '1002141478849613876', 'id': '995646223925129296', 'flags': 0}], 'rules_channel_id': None, 'emojis': [{'roles': [], 'require_colons': True, 'name': 'leave', 'managed': False, 'id': '996039749741592647', 'available': True, 'animated': False}], 'stickers': [], 'threads': [], 'stage_instances': [], 'vanity_url_code': None, 'presences': [], 'afk_channel_id': None, 'owner_id': '650756055390879757', 'roles': [{'unicode_emoji': None, 'tags': {}, 'position': 0, 'permissions_new': '1071698660929', 'permissions': 104320577, 'name': '@everyone', 'mentionable': False, 'managed': False, 'id': '797820580547919924', 'icon': None, 'hoist': False, 'flags': 0, 'color': 0}, {'unicode_emoji': None, 'tags': {}, 'position': 4, 'permissions_new': '6546771529', 'permissions': 104320585, 'name': 'admin', 'mentionable': False, 'managed': False, 'id': '832231817020440636', 'icon': None, 'hoist': True, 'flags': 0, 'color': 3447003}, {'unicode_emoji': None, 'tags': {'bot_id': '967769605999329301'}, 'position': 1, 'permissions_new': '8', 'permissions': 8, 'name': "Mankifg's bot", 'mentionable': False, 'managed': True, 'id': '967770056916353037', 'icon': None, 'hoist': False, 'flags': 0, 'color': 0}, {'unicode_emoji': None, 'tags': {'bot_id': '997098532089634896'}, 'position': 1, 'permissions_new': '8', 'permissions': 8, 'name': 'Pilot1782/bad_copenheimer', 'mentionable': False, 'managed': True, 'id': '997104766377283627', 'icon': None, 'hoist': False, 'flags': 0, 'color': 0}], 'features': [], 'explicit_content_filter': 0, 'id': '797820580547919924', 'public_updates_channel_id': None, 'system_channel_id': None, 'verification_level': 2, 'unavailable': False, 'max_video_channel_users': 25, 'nsfw': False, 'afk_timeout': 300, 'premium_progress_bar_enabled': False, 'region': 'deprecated', 'banner': None, 'large': False, 'members': [{'user': {'username': "Mankifg's bot", 'public_flags': 0, 'id': '967769605999329301', 'discriminator': '4006', 'bot': True, 'avatar': None}, 'roles': ['832231817020440636', '967770056916353037'], 'premium_since': None, 'pending': False, 'nick': None, 'mute': False, 'joined_at': '2022-04-24T12:52:41.997000+00:00', 'flags': 0, 'deaf': False, 'communication_disabled_until': None, 'avatar': None}], 'premium_subscription_count': 0, 'joined_at': '2022-04-24T12:52:41.997000+00:00', 'default_message_notifications': 0}}
2022-07-28 11:12:34,852:DEBUG:discord.gateway: For Shard ID None: WebSocket Event: {'t': 'GUILD_CREATE', 's': 2, 'op': 0, 'd': {'guild_hashes': {'version': 1, 'roles': {'omitted': False, 'hash': 'TJW0Iw'}, 'metadata': {'omitted': False, 'hash': 'pET3vA'}, 'channels': {'omitted': False, 'hash': 'MRJv1w'}}, 'nsfw_level': 0, 'application_command_counts': {'1': 1}, 'name': "Mankifg's bot server", 'mfa_level': 0, 'splash': None, 'discovery_splash': None, 'icon': None, 'lazy': True, 'system_channel_flags': 0, 'embedded_activities': [], 'voice_states': [], 'premium_tier': 0, 'description': None, 'hub_type': None, 'application_id': None, 'max_members': 500000, 'guild_scheduled_events': [], 'member_count': 4, 'preferred_locale': 'en-US', 'channels': [{'type': 4, 'position': 0, 'permission_overwrites': [], 'name': 'Text Channels', 'id': '797820580547919925', 'flags': 0}, {'type': 4, 'position': 0, 'permission_overwrites': [], 'name': 'Voice Channels', 'id': '797820580547919926', 'flags': 0}, {'user_limit': 0, 'type': 2, 'rtc_region': None, 'rate_limit_per_user': 0, 'position': 0, 'permission_overwrites': [], 'parent_id': '797820580547919926', 'name': 'General', 'last_message_id': None, 'id': '797820580979408937', 'flags': 0, 'bitrate': 64000}, {'type': 0, 'topic': None, 'rate_limit_per_user': 0, 'position': 0, 'permission_overwrites': [], 'parent_id': '797820580547919925', 'name': 'general', 'last_message_id': '1002141478849613876', 'id': '995646223925129296', 'flags': 0}], 'rules_channel_id': None, 'emojis': [{'roles': [], 'require_colons': True, 'name': 'leave', 'managed': False, 'id': '996039749741592647', 'available': True, 'animated': False}], 'stickers': [], 'threads': [], 'stage_instances': [], 'vanity_url_code': None, 'presences': [], 'afk_channel_id': None, 'owner_id': '650756055390879757', 'roles': [{'unicode_emoji': None, 'tags': {}, 'position': 0, 'permissions_new': '1071698660929', 'permissions': 104320577, 'name': '@everyone', 'mentionable': False, 'managed': False, 'id': '797820580547919924', 'icon': None, 'hoist': False, 'flags': 0, 'color': 0}, {'unicode_emoji': None, 'tags': {}, 'position': 4, 'permissions_new': '6546771529', 'permissions': 104320585, 'name': 'admin', 'mentionable': False, 'managed': False, 'id': '832231817020440636', 'icon': None, 'hoist': True, 'flags': 0, 'color': 3447003}, {'unicode_emoji': None, 'tags': {'bot_id': '967769605999329301'}, 'position': 1, 'permissions_new': '8', 'permissions': 8, 'name': "Mankifg's bot", 'mentionable': False, 'managed': True, 'id': '967770056916353037', 'icon': None, 'hoist': False, 'flags': 0, 'color': 0}, {'unicode_emoji': None, 'tags': {'bot_id': '997098532089634896'}, 'position': 1, 'permissions_new': '8', 'permissions': 8, 'name': 'Pilot1782/bad_copenheimer', 'mentionable': False, 'managed': True, 'id': '997104766377283627', 'icon': None, 'hoist': False, 'flags': 0, 'color': 0}], 'features': [], 'explicit_content_filter': 0, 'id': '797820580547919924', 'public_updates_channel_id': None, 'system_channel_id': None, 'verification_level': 2, 'unavailable': False, 'max_video_channel_users': 25, 'nsfw': False, 'afk_timeout': 300, 'premium_progress_bar_enabled': False, 'region': 'deprecated', 'banner': None, 'large': False, 'members': [{'user': {'username': "Mankifg's bot", 'public_flags': 0, 'id': '967769605999329301', 'discriminator': '4006', 'bot': True, 'avatar': None}, 'roles': ['832231817020440636', '967770056916353037'], 'premium_since': None, 'pending': False, 'nick': None, 'mute': False, 'joined_at': '2022-04-24T12:52:41.997000+00:00', 'flags': 0, 'deaf': False, 'communication_disabled_until': None, 'avatar': None}], 'premium_subscription_count': 0, 'joined_at': '2022-04-24T12:52:41.997000+00:00', 'default_message_notifications': 0}}
2022-07-28 11:12:34,852:DEBUG:discord.client: Dispatching event socket_response
2022-07-28 11:12:34,852:DEBUG:discord.client: Dispatching event socket_response
2022-07-28 11:12:34,852:DEBUG:discord.client: Dispatching event guild_available
2022-07-28 11:12:34,852:DEBUG:discord.client: Dispatching event guild_available
2022-07-28 11:12:36,854:DEBUG:discord.client: Dispatching event ready
2022-07-28 11:12:36,854:DEBUG:discord.client: Dispatching event ready
2022-07-28 11:12:36,855:DEBUG:discord.gateway: Sending "{"op":3,"d":{"game":{"flags":0,"type":3,"name":"m!help"},"afk":false,"since":0.0,"status":"online"}}" to change status
2022-07-28 11:12:36,855:DEBUG:discord.gateway: Sending "{"op":3,"d":{"game":{"flags":0,"type":3,"name":"m!help"},"afk":false,"since":0.0,"status":"online"}}" to change status
2022-07-28 11:12:36,855:DEBUG:discord.client: Dispatching event socket_raw_send
2022-07-28 11:12:36,855:DEBUG:discord.client: Dispatching event socket_raw_send
2022-07-28 11:12:37,050:DEBUG:discord.http: GET https://discord.com/api/v8/applications/967769605999329301/commands with None has returned 200
2022-07-28 11:12:37,050:DEBUG:discord.http: GET https://discord.com/api/v8/applications/967769605999329301/commands with None has returned 200
2022-07-28 11:12:37,050:DEBUG:discord.http: GET https://discord.com/api/v8/applications/967769605999329301/commands has received []
2022-07-28 11:12:37,050:DEBUG:discord.http: GET https://discord.com/api/v8/applications/967769605999329301/commands has received []
2022-07-28 11:12:39,838:DEBUG:discord.client: Dispatching event socket_raw_receive
2022-07-28 11:12:39,838:DEBUG:discord.client: Dispatching event socket_raw_receive
2022-07-28 11:12:39,838:DEBUG:discord.gateway: For Shard ID None: WebSocket Event: {'t': 'TYPING_START', 's': 3, 'op': 0, 'd': {'user_id': '650756055390879757', 'timestamp': 1658999579, 'member': {'user': {'username': 'Mankifg', 'public_flags': 128, 'id': '650756055390879757', 'discriminator': '1810', 'bot': False, 'avatar': 'a8957ced26d558b536a381fc8708c4ae'}, 'roles': ['832231817020440636'], 'premium_since': None, 'pending': False, 'nick': None, 'mute': False, 'joined_at': '2021-01-10T13:34:09.274000+00:00', 'flags': 0, 'deaf': False, 'communication_disabled_until': None, 'avatar': None}, 'channel_id': '995646223925129296', 'guild_id': '797820580547919924'}}
2022-07-28 11:12:39,838:DEBUG:discord.gateway: For Shard ID None: WebSocket Event: {'t': 'TYPING_START', 's': 3, 'op': 0, 'd': {'user_id': '650756055390879757', 'timestamp': 1658999579, 'member': {'user': {'username': 'Mankifg', 'public_flags': 128, 'id': '650756055390879757', 'discriminator': '1810', 'bot': False, 'avatar': 'a8957ced26d558b536a381fc8708c4ae'}, 'roles': ['832231817020440636'], 'premium_since': None, 'pending': False, 'nick': None, 'mute': False, 'joined_at': '2021-01-10T13:34:09.274000+00:00', 'flags': 0, 'deaf': False, 'communication_disabled_until': None, 'avatar': None}, 'channel_id': '995646223925129296', 'guild_id': '797820580547919924'}}
2022-07-28 11:12:39,838:DEBUG:discord.client: Dispatching event socket_response
2022-07-28 11:12:39,838:DEBUG:discord.client: Dispatching event socket_response
2022-07-28 11:12:39,839:DEBUG:discord.client: Dispatching event typing
2022-07-28 11:12:39,839:DEBUG:discord.client: Dispatching event typing
2022-07-28 11:12:41,694:DEBUG:discord.client: Dispatching event socket_raw_receive
2022-07-28 11:12:41,694:DEBUG:discord.client: Dispatching event socket_raw_receive
2022-07-28 11:12:41,694:DEBUG:discord.gateway: For Shard ID None: WebSocket Event: {'t': 'MESSAGE_CREATE', 's': 4, 'op': 0, 'd': {'type': 0, 'tts': False, 'timestamp': '2022-07-28T09:13:01.307000+00:00', 'referenced_message': None, 'pinned': False, 'nonce': '1002141537498300416', 'mentions': [], 'mention_roles': [], 'mention_everyone': False, 'member': {'roles': ['832231817020440636'], 'premium_since': None, 'pending': False, 'nick': None, 'mute': False, 'joined_at': '2021-01-10T13:34:09.274000+00:00', 'flags': 0, 'deaf': False, 'communication_disabled_until': None, 'avatar': None}, 'id': '1002141620872945724', 'flags': 0, 'embeds': [], 'edited_timestamp': None, 'content': 'm!help', 'components': [], 'channel_id': '995646223925129296', 'author': {'username': 'Mankifg', 'public_flags': 128, 'id': '650756055390879757', 'discriminator': '1810', 'avatar_decoration': None, 'avatar': 'a8957ced26d558b536a381fc8708c4ae'}, 'attachments': [], 'guild_id': '797820580547919924'}}
2022-07-28 11:12:41,694:DEBUG:discord.gateway: For Shard ID None: WebSocket Event: {'t': 'MESSAGE_CREATE', 's': 4, 'op': 0, 'd': {'type': 0, 'tts': False, 'timestamp': '2022-07-28T09:13:01.307000+00:00', 'referenced_message': None, 'pinned': False, 'nonce': '1002141537498300416', 'mentions': [], 'mention_roles': [], 'mention_everyone': False, 'member': {'roles': ['832231817020440636'], 'premium_since': None, 'pending': False, 'nick': None, 'mute': False, 'joined_at': '2021-01-10T13:34:09.274000+00:00', 'flags': 0, 'deaf': False, 'communication_disabled_until': None, 'avatar': None}, 'id': '1002141620872945724', 'flags': 0, 'embeds': [], 'edited_timestamp': None, 'content': 'm!help', 'components': [], 'channel_id': '995646223925129296', 'author': {'username': 'Mankifg', 'public_flags': 128, 'id': '650756055390879757', 'discriminator': '1810', 'avatar_decoration': None, 'avatar': 'a8957ced26d558b536a381fc8708c4ae'}, 'attachments': [], 'guild_id': '797820580547919924'}}
2022-07-28 11:12:41,694:DEBUG:discord.client: Dispatching event socket_response
2022-07-28 11:12:41,694:DEBUG:discord.client: Dispatching event socket_response
2022-07-28 11:12:41,695:DEBUG:discord.client: Dispatching event message
2022-07-28 11:12:41,695:DEBUG:discord.client: Dispatching event message
2022-07-28 11:12:41,695:DEBUG:discord.client: Dispatching event command_error
2022-07-28 11:12:41,695:DEBUG:discord.client: Dispatching event command_error
2022-07-28 11:12:55,119:INFO:discord.client: Received signal to terminate bot and event loop.
2022-07-28 11:12:55,119:INFO:discord.client: Received signal to terminate bot and event loop.
2022-07-28 11:12:55,119:INFO:discord.client: Cleaning up tasks.
2022-07-28 11:12:55,119:INFO:discord.client: Cleaning up tasks.
2022-07-28 11:12:55,119:INFO:discord.client: Cleaning up after 2 tasks.
2022-07-28 11:12:55,119:INFO:discord.client: Cleaning up after 2 tasks.
2022-07-28 11:12:55,121:INFO:discord.client: All tasks finished cancelling.
2022-07-28 11:12:55,121:INFO:discord.client: All tasks finished cancelling.
2022-07-28 11:12:55,121:INFO:discord.client: Closing the event loop.
2022-07-28 11:12:55,121:INFO:discord.client: Closing the event loop.
2022-07-28 11:12:55,121:DEBUG:discord.client: on_ready has successfully been registered as an event
2022-07-28 11:12:55,121:DEBUG:discord.client: on_ready has successfully been registered as an event
2022-07-28 11:12:57,151:WARNING:discord.client: PyNaCl is not installed, voice will NOT be supported
2022-07-28 11:12:57,170:DEBUG:discord.client: on_ready has successfully been registered as an event
2022-07-28 11:12:57,170:DEBUG:discord.client: on_ready has successfully been registered as an event
2022-07-28 11:12:57,170:INFO:discord.client: logging in using static token
2022-07-28 11:12:57,170:INFO:discord.client: logging in using static token
2022-07-28 11:12:57,411:DEBUG:discord.http: GET https://discord.com/api/v7/users/@me with None has returned 200
2022-07-28 11:12:57,411:DEBUG:discord.http: GET https://discord.com/api/v7/users/@me with None has returned 200
2022-07-28 11:12:57,411:DEBUG:discord.http: GET https://discord.com/api/v7/users/@me has received {'id': '967769605999329301', 'username': "Mankifg's bot", 'avatar': None, 'avatar_decoration': None, 'discriminator': '4006', 'public_flags': 0, 'flags': 0, 'bot': True, 'banner': None, 'banner_color': None, 'accent_color': None, 'bio': '', 'locale': 'en-US', 'mfa_enabled': False, 'email': None, 'verified': True}
2022-07-28 11:12:57,411:DEBUG:discord.http: GET https://discord.com/api/v7/users/@me has received {'id': '967769605999329301', 'username': "Mankifg's bot", 'avatar': None, 'avatar_decoration': None, 'discriminator': '4006', 'public_flags': 0, 'flags': 0, 'bot': True, 'banner': None, 'banner_color': None, 'accent_color': None, 'bio': '', 'locale': 'en-US', 'mfa_enabled': False, 'email': None, 'verified': True}
2022-07-28 11:12:57,453:DEBUG:discord.http: GET https://discord.com/api/v7/gateway with None has returned 200
2022-07-28 11:12:57,453:DEBUG:discord.http: GET https://discord.com/api/v7/gateway with None has returned 200
2022-07-28 11:12:57,453:DEBUG:discord.http: GET https://discord.com/api/v7/gateway has received {'url': 'wss://gateway.discord.gg'}
2022-07-28 11:12:57,453:DEBUG:discord.http: GET https://discord.com/api/v7/gateway has received {'url': 'wss://gateway.discord.gg'}
2022-07-28 11:12:57,679:DEBUG:discord.gateway: Created websocket connected to wss://gateway.discord.gg?encoding=json&v=6&compress=zlib-stream
2022-07-28 11:12:57,679:DEBUG:discord.gateway: Created websocket connected to wss://gateway.discord.gg?encoding=json&v=6&compress=zlib-stream
2022-07-28 11:12:57,679:DEBUG:discord.client: Dispatching event socket_raw_receive
2022-07-28 11:12:57,679:DEBUG:discord.client: Dispatching event socket_raw_receive
2022-07-28 11:12:57,679:DEBUG:discord.gateway: For Shard ID None: WebSocket Event: {'t': None, 's': None, 'op': 10, 'd': {'heartbeat_interval': 41250, '_trace': ['["gateway-prd-main-4n4j",{"micros":0.0}]']}}
2022-07-28 11:12:57,679:DEBUG:discord.gateway: For Shard ID None: WebSocket Event: {'t': None, 's': None, 'op': 10, 'd': {'heartbeat_interval': 41250, '_trace': ['["gateway-prd-main-4n4j",{"micros":0.0}]']}}
2022-07-28 11:12:57,679:DEBUG:discord.client: Dispatching event socket_response
2022-07-28 11:12:57,679:DEBUG:discord.client: Dispatching event socket_response
2022-07-28 11:12:57,679:DEBUG:discord.client: Dispatching event socket_raw_send
2022-07-28 11:12:57,679:DEBUG:discord.client: Dispatching event socket_raw_send
2022-07-28 11:12:57,680:DEBUG:discord.client: Dispatching event socket_raw_send
2022-07-28 11:12:57,680:DEBUG:discord.client: Dispatching event socket_raw_send
2022-07-28 11:12:57,680:INFO:discord.gateway: Shard ID None has sent the IDENTIFY payload.
2022-07-28 11:12:57,680:INFO:discord.gateway: Shard ID None has sent the IDENTIFY payload.
2022-07-28 11:12:57,816:DEBUG:discord.client: Dispatching event socket_raw_receive
2022-07-28 11:12:57,816:DEBUG:discord.client: Dispatching event socket_raw_receive
2022-07-28 11:12:57,816:DEBUG:discord.gateway: For Shard ID None: WebSocket Event: {'t': None, 's': None, 'op': 11, 'd': None}
2022-07-28 11:12:57,816:DEBUG:discord.gateway: For Shard ID None: WebSocket Event: {'t': None, 's': None, 'op': 11, 'd': None}
2022-07-28 11:12:57,816:DEBUG:discord.client: Dispatching event socket_response
2022-07-28 11:12:57,816:DEBUG:discord.client: Dispatching event socket_response
2022-07-28 11:12:57,949:DEBUG:discord.client: Dispatching event socket_raw_receive
2022-07-28 11:12:57,949:DEBUG:discord.client: Dispatching event socket_raw_receive
2022-07-28 11:12:57,950:DEBUG:discord.gateway: For Shard ID None: WebSocket Event: {'t': 'READY', 's': 1, 'op': 0, 'd': {'v': 6, 'user_settings': {}, 'user': {'verified': True, 'username': "Mankifg's bot", 'mfa_enabled': False, 'id': '967769605999329301', 'flags': 0, 'email': None, 'discriminator': '4006', 'bot': True, 'avatar': None}, 'session_type': 'normal', 'session_id': '0b03cc5a4e97a152fb6d9df3879475ea', 'resume_gateway_url': 'wss://gateway.discord.gg/', 'relationships': [], 'private_channels': [], 'presences': [], 'guilds': [{'unavailable': True, 'id': '797820580547919924'}], 'guild_join_requests': [], 'geo_ordered_rtc_regions': ['milan', 'bucharest', 'rotterdam', 'stockholm', 'madrid'], 'application': {'id': '967769605999329301', 'flags': 262144}, '_trace': ['["gateway-prd-main-4n4j",{"micros":122229,"calls":["discord-sessions-blue-prd-2-68",{"micros":120842,"calls":["start_session",{"micros":80960,"calls":["discord-api-f8dd45c-qgvnj",{"micros":76957,"calls":["get_user",{"micros":10745},"add_authorized_ip",{"micros":1688},"get_guilds",{"micros":14909},"coros_wait",{"micros":1}]}]},"guilds_connect",{"micros":1,"calls":[]},"presence_connect",{"micros":25758,"calls":[]}]}]}]']}}
2022-07-28 11:12:57,950:DEBUG:discord.gateway: For Shard ID None: WebSocket Event: {'t': 'READY', 's': 1, 'op': 0, 'd': {'v': 6, 'user_settings': {}, 'user': {'verified': True, 'username': "Mankifg's bot", 'mfa_enabled': False, 'id': '967769605999329301', 'flags': 0, 'email': None, 'discriminator': '4006', 'bot': True, 'avatar': None}, 'session_type': 'normal', 'session_id': '0b03cc5a4e97a152fb6d9df3879475ea', 'resume_gateway_url': 'wss://gateway.discord.gg/', 'relationships': [], 'private_channels': [], 'presences': [], 'guilds': [{'unavailable': True, 'id': '797820580547919924'}], 'guild_join_requests': [], 'geo_ordered_rtc_regions': ['milan', 'bucharest', 'rotterdam', 'stockholm', 'madrid'], 'application': {'id': '967769605999329301', 'flags': 262144}, '_trace': ['["gateway-prd-main-4n4j",{"micros":122229,"calls":["discord-sessions-blue-prd-2-68",{"micros":120842,"calls":["start_session",{"micros":80960,"calls":["discord-api-f8dd45c-qgvnj",{"micros":76957,"calls":["get_user",{"micros":10745},"add_authorized_ip",{"micros":1688},"get_guilds",{"micros":14909},"coros_wait",{"micros":1}]}]},"guilds_connect",{"micros":1,"calls":[]},"presence_connect",{"micros":25758,"calls":[]}]}]}]']}}
2022-07-28 11:12:57,950:DEBUG:discord.client: Dispatching event socket_response
2022-07-28 11:12:57,950:DEBUG:discord.client: Dispatching event socket_response
2022-07-28 11:12:57,950:INFO:discord.gateway: Shard ID None has connected to Gateway: ["gateway-prd-main-4n4j",{"micros":122229,"calls":["discord-sessions-blue-prd-2-68",{"micros":120842,"calls":["start_session",{"micros":80960,"calls":["discord-api-f8dd45c-qgvnj",{"micros":76957,"calls":["get_user",{"micros":10745},"add_authorized_ip",{"micros":1688},"get_guilds",{"micros":14909},"coros_wait",{"micros":1}]}]},"guilds_connect",{"micros":1,"calls":[]},"presence_connect",{"micros":25758,"calls":[]}]}]}] (Session ID: 0b03cc5a4e97a152fb6d9df3879475ea).
2022-07-28 11:12:57,950:INFO:discord.gateway: Shard ID None has connected to Gateway: ["gateway-prd-main-4n4j",{"micros":122229,"calls":["discord-sessions-blue-prd-2-68",{"micros":120842,"calls":["start_session",{"micros":80960,"calls":["discord-api-f8dd45c-qgvnj",{"micros":76957,"calls":["get_user",{"micros":10745},"add_authorized_ip",{"micros":1688},"get_guilds",{"micros":14909},"coros_wait",{"micros":1}]}]},"guilds_connect",{"micros":1,"calls":[]},"presence_connect",{"micros":25758,"calls":[]}]}]}] (Session ID: 0b03cc5a4e97a152fb6d9df3879475ea).
2022-07-28 11:12:57,960:DEBUG:discord.client: Dispatching event connect
2022-07-28 11:12:57,960:DEBUG:discord.client: Dispatching event connect
2022-07-28 11:12:57,960:DEBUG:discord.client: Dispatching event socket_raw_receive
2022-07-28 11:12:57,960:DEBUG:discord.client: Dispatching event socket_raw_receive
2022-07-28 11:12:57,961:DEBUG:discord.gateway: For Shard ID None: WebSocket Event: {'t': 'GUILD_CREATE', 's': 2, 'op': 0, 'd': {'member_count': 4, 'nsfw_level': 0, 'afk_timeout': 300, 'system_channel_flags': 0, 'name': "Mankifg's bot server", 'premium_tier': 0, 'preferred_locale': 'en-US', 'guild_scheduled_events': [], 'application_id': None, 'max_video_channel_users': 25, 'owner_id': '650756055390879757', 'premium_subscription_count': 0, 'stickers': [], 'embedded_activities': [], 'verification_level': 2, 'rules_channel_id': None, 'description': None, 'afk_channel_id': None, 'vanity_url_code': None, 'hub_type': None, 'voice_states': [], 'presences': [], 'stage_instances': [], 'banner': None, 'system_channel_id': None, 'emojis': [{'roles': [], 'require_colons': True, 'name': 'leave', 'managed': False, 'id': '996039749741592647', 'available': True, 'animated': False}], 'icon': None, 'discovery_splash': None, 'threads': [], 'large': False, 'public_updates_channel_id': None, 'max_members': 500000, 'unavailable': False, 'lazy': True, 'region': 'deprecated', 'premium_progress_bar_enabled': False, 'splash': None, 'id': '797820580547919924', 'mfa_level': 0, 'roles': [{'unicode_emoji': None, 'tags': {}, 'position': 0, 'permissions_new': '1071698660929', 'permissions': 104320577, 'name': '@everyone', 'mentionable': False, 'managed': False, 'id': '797820580547919924', 'icon': None, 'hoist': False, 'flags': 0, 'color': 0}, {'unicode_emoji': None, 'tags': {}, 'position': 4, 'permissions_new': '6546771529', 'permissions': 104320585, 'name': 'admin', 'mentionable': False, 'managed': False, 'id': '832231817020440636', 'icon': None, 'hoist': True, 'flags': 0, 'color': 3447003}, {'unicode_emoji': None, 'tags': {'bot_id': '967769605999329301'}, 'position': 1, 'permissions_new': '8', 'permissions': 8, 'name': "Mankifg's bot", 'mentionable': False, 'managed': True, 'id': '967770056916353037', 'icon': None, 'hoist': False, 'flags': 0, 'color': 0}, {'unicode_emoji': None, 'tags': {'bot_id': '997098532089634896'}, 'position': 1, 'permissions_new': '8', 'permissions': 8, 'name': 'Pilot1782/bad_copenheimer', 'mentionable': False, 'managed': True, 'id': '997104766377283627', 'icon': None, 'hoist': False, 'flags': 0, 'color': 0}], 'explicit_content_filter': 0, 'joined_at': '2022-04-24T12:52:41.997000+00:00', 'guild_hashes': {'version': 1, 'roles': {'omitted': False, 'hash': 'TJW0Iw'}, 'metadata': {'omitted': False, 'hash': 'pET3vA'}, 'channels': {'omitted': False, 'hash': 'MRJv1w'}}, 'default_message_notifications': 0, 'channels': [{'type': 4, 'position': 0, 'permission_overwrites': [], 'name': 'Text Channels', 'id': '797820580547919925', 'flags': 0}, {'type': 4, 'position': 0, 'permission_overwrites': [], 'name': 'Voice Channels', 'id': '797820580547919926', 'flags': 0}, {'user_limit': 0, 'type': 2, 'rtc_region': None, 'rate_limit_per_user': 0, 'position': 0, 'permission_overwrites': [], 'parent_id': '797820580547919926', 'name': 'General', 'last_message_id': None, 'id': '797820580979408937', 'flags': 0, 'bitrate': 64000}, {'type': 0, 'topic': None, 'rate_limit_per_user': 0, 'position': 0, 'permission_overwrites': [], 'parent_id': '797820580547919925', 'name': 'general', 'last_message_id': '1002141620872945724', 'id': '995646223925129296', 'flags': 0}], 'members': [{'user': {'username': "Mankifg's bot", 'public_flags': 0, 'id': '967769605999329301', 'discriminator': '4006', 'bot': True, 'avatar': None}, 'roles': ['832231817020440636', '967770056916353037'], 'premium_since': None, 'pending': False, 'nick': None, 'mute': False, 'joined_at': '2022-04-24T12:52:41.997000+00:00', 'flags': 0, 'deaf': False, 'communication_disabled_until': None, 'avatar': None}], 'features': [], 'application_command_counts': {'1': 1}, 'nsfw': False}}
2022-07-28 11:12:57,961:DEBUG:discord.gateway: For Shard ID None: WebSocket Event: {'t': 'GUILD_CREATE', 's': 2, 'op': 0, 'd': {'member_count': 4, 'nsfw_level': 0, 'afk_timeout': 300, 'system_channel_flags': 0, 'name': "Mankifg's bot server", 'premium_tier': 0, 'preferred_locale': 'en-US', 'guild_scheduled_events': [], 'application_id': None, 'max_video_channel_users': 25, 'owner_id': '650756055390879757', 'premium_subscription_count': 0, 'stickers': [], 'embedded_activities': [], 'verification_level': 2, 'rules_channel_id': None, 'description': None, 'afk_channel_id': None, 'vanity_url_code': None, 'hub_type': None, 'voice_states': [], 'presences': [], 'stage_instances': [], 'banner': None, 'system_channel_id': None, 'emojis': [{'roles': [], 'require_colons': True, 'name': 'leave', 'managed': False, 'id': '996039749741592647', 'available': True, 'animated': False}], 'icon': None, 'discovery_splash': None, 'threads': [], 'large': False, 'public_updates_channel_id': None, 'max_members': 500000, 'unavailable': False, 'lazy': True, 'region': 'deprecated', 'premium_progress_bar_enabled': False, 'splash': None, 'id': '797820580547919924', 'mfa_level': 0, 'roles': [{'unicode_emoji': None, 'tags': {}, 'position': 0, 'permissions_new': '1071698660929', 'permissions': 104320577, 'name': '@everyone', 'mentionable': False, 'managed': False, 'id': '797820580547919924', 'icon': None, 'hoist': False, 'flags': 0, 'color': 0}, {'unicode_emoji': None, 'tags': {}, 'position': 4, 'permissions_new': '6546771529', 'permissions': 104320585, 'name': 'admin', 'mentionable': False, 'managed': False, 'id': '832231817020440636', 'icon': None, 'hoist': True, 'flags': 0, 'color': 3447003}, {'unicode_emoji': None, 'tags': {'bot_id': '967769605999329301'}, 'position': 1, 'permissions_new': '8', 'permissions': 8, 'name': "Mankifg's bot", 'mentionable': False, 'managed': True, 'id': '967770056916353037', 'icon': None, 'hoist': False, 'flags': 0, 'color': 0}, {'unicode_emoji': None, 'tags': {'bot_id': '997098532089634896'}, 'position': 1, 'permissions_new': '8', 'permissions': 8, 'name': 'Pilot1782/bad_copenheimer', 'mentionable': False, 'managed': True, 'id': '997104766377283627', 'icon': None, 'hoist': False, 'flags': 0, 'color': 0}], 'explicit_content_filter': 0, 'joined_at': '2022-04-24T12:52:41.997000+00:00', 'guild_hashes': {'version': 1, 'roles': {'omitted': False, 'hash': 'TJW0Iw'}, 'metadata': {'omitted': False, 'hash': 'pET3vA'}, 'channels': {'omitted': False, 'hash': 'MRJv1w'}}, 'default_message_notifications': 0, 'channels': [{'type': 4, 'position': 0, 'permission_overwrites': [], 'name': 'Text Channels', 'id': '797820580547919925', 'flags': 0}, {'type': 4, 'position': 0, 'permission_overwrites': [], 'name': 'Voice Channels', 'id': '797820580547919926', 'flags': 0}, {'user_limit': 0, 'type': 2, 'rtc_region': None, 'rate_limit_per_user': 0, 'position': 0, 'permission_overwrites': [], 'parent_id': '797820580547919926', 'name': 'General', 'last_message_id': None, 'id': '797820580979408937', 'flags': 0, 'bitrate': 64000}, {'type': 0, 'topic': None, 'rate_limit_per_user': 0, 'position': 0, 'permission_overwrites': [], 'parent_id': '797820580547919925', 'name': 'general', 'last_message_id': '1002141620872945724', 'id': '995646223925129296', 'flags': 0}], 'members': [{'user': {'username': "Mankifg's bot", 'public_flags': 0, 'id': '967769605999329301', 'discriminator': '4006', 'bot': True, 'avatar': None}, 'roles': ['832231817020440636', '967770056916353037'], 'premium_since': None, 'pending': False, 'nick': None, 'mute': False, 'joined_at': '2022-04-24T12:52:41.997000+00:00', 'flags': 0, 'deaf': False, 'communication_disabled_until': None, 'avatar': None}], 'features': [], 'application_command_counts': {'1': 1}, 'nsfw': False}}
2022-07-28 11:12:57,961:DEBUG:discord.client: Dispatching event socket_response
2022-07-28 11:12:57,961:DEBUG:discord.client: Dispatching event socket_response
2022-07-28 11:12:57,961:DEBUG:discord.client: Dispatching event guild_available
2022-07-28 11:12:57,961:DEBUG:discord.client: Dispatching event guild_available
2022-07-28 11:12:59,970:DEBUG:discord.client: Dispatching event ready
2022-07-28 11:12:59,970:DEBUG:discord.client: Dispatching event ready
2022-07-28 11:12:59,971:DEBUG:discord.gateway: Sending "{"op":3,"d":{"game":{"flags":0,"type":3,"name":"m!help"},"afk":false,"since":0.0,"status":"online"}}" to change status
2022-07-28 11:12:59,971:DEBUG:discord.gateway: Sending "{"op":3,"d":{"game":{"flags":0,"type":3,"name":"m!help"},"afk":false,"since":0.0,"status":"online"}}" to change status
2022-07-28 11:12:59,971:DEBUG:discord.client: Dispatching event socket_raw_send
2022-07-28 11:12:59,971:DEBUG:discord.client: Dispatching event socket_raw_send
2022-07-28 11:13:00,140:DEBUG:discord.http: GET https://discord.com/api/v8/applications/967769605999329301/commands with None has returned 200
2022-07-28 11:13:00,140:DEBUG:discord.http: GET https://discord.com/api/v8/applications/967769605999329301/commands with None has returned 200
2022-07-28 11:13:00,140:DEBUG:discord.http: GET https://discord.com/api/v8/applications/967769605999329301/commands has received []
2022-07-28 11:13:00,140:DEBUG:discord.http: GET https://discord.com/api/v8/applications/967769605999329301/commands has received []
2022-07-28 11:13:05,853:DEBUG:discord.client: Dispatching event socket_raw_receive
2022-07-28 11:13:05,853:DEBUG:discord.client: Dispatching event socket_raw_receive
2022-07-28 11:13:05,853:DEBUG:discord.gateway: For Shard ID None: WebSocket Event: {'t': 'MESSAGE_CREATE', 's': 3, 'op': 0, 'd': {'type': 0, 'tts': False, 'timestamp': '2022-07-28T09:13:25.471000+00:00', 'referenced_message': None, 'pinned': False, 'nonce': '1002141638862045184', 'mentions': [], 'mention_roles': [], 'mention_everyone': False, 'member': {'roles': ['832231817020440636'], 'premium_since': None, 'pending': False, 'nick': None, 'mute': False, 'joined_at': '2021-01-10T13:34:09.274000+00:00', 'flags': 0, 'deaf': False, 'communication_disabled_until': None, 'avatar': None}, 'id': '1002141722224115772', 'flags': 0, 'embeds': [], 'edited_timestamp': None, 'content': 'm!help', 'components': [], 'channel_id': '995646223925129296', 'author': {'username': 'Mankifg', 'public_flags': 128, 'id': '650756055390879757', 'discriminator': '1810', 'avatar_decoration': None, 'avatar': 'a8957ced26d558b536a381fc8708c4ae'}, 'attachments': [], 'guild_id': '797820580547919924'}}
2022-07-28 11:13:05,853:DEBUG:discord.gateway: For Shard ID None: WebSocket Event: {'t': 'MESSAGE_CREATE', 's': 3, 'op': 0, 'd': {'type': 0, 'tts': False, 'timestamp': '2022-07-28T09:13:25.471000+00:00', 'referenced_message': None, 'pinned': False, 'nonce': '1002141638862045184', 'mentions': [], 'mention_roles': [], 'mention_everyone': False, 'member': {'roles': ['832231817020440636'], 'premium_since': None, 'pending': False, 'nick': None, 'mute': False, 'joined_at': '2021-01-10T13:34:09.274000+00:00', 'flags': 0, 'deaf': False, 'communication_disabled_until': None, 'avatar': None}, 'id': '1002141722224115772', 'flags': 0, 'embeds': [], 'edited_timestamp': None, 'content': 'm!help', 'components': [], 'channel_id': '995646223925129296', 'author': {'username': 'Mankifg', 'public_flags': 128, 'id': '650756055390879757', 'discriminator': '1810', 'avatar_decoration': None, 'avatar': 'a8957ced26d558b536a381fc8708c4ae'}, 'attachments': [], 'guild_id': '797820580547919924'}}
2022-07-28 11:13:05,853:DEBUG:discord.client: Dispatching event socket_response
2022-07-28 11:13:05,853:DEBUG:discord.client: Dispatching event socket_response
2022-07-28 11:13:05,853:DEBUG:discord.client: Dispatching event message
2022-07-28 11:13:05,853:DEBUG:discord.client: Dispatching event message
2022-07-28 11:13:05,853:DEBUG:discord.client: Dispatching event command_error
2022-07-28 11:13:05,853:DEBUG:discord.client: Dispatching event command_error
2022-07-28 11:13:08,511:DEBUG:discord.client: Dispatching event socket_raw_receive
2022-07-28 11:13:08,511:DEBUG:discord.client: Dispatching event socket_raw_receive
2022-07-28 11:13:08,511:DEBUG:discord.gateway: For Shard ID None: WebSocket Event: {'t': 'MESSAGE_CREATE', 's': 4, 'op': 0, 'd': {'type': 0, 'tts': False, 'timestamp': '2022-07-28T09:13:28.139000+00:00', 'referenced_message': None, 'pinned': False, 'nonce': '1002141650199248896', 'mentions': [], 'mention_roles': [], 'mention_everyone': False, 'member': {'roles': ['832231817020440636'], 'premium_since': None, 'pending': False, 'nick': None, 'mute': False, 'joined_at': '2021-01-10T13:34:09.274000+00:00', 'flags': 0, 'deaf': False, 'communication_disabled_until': None, 'avatar': None}, 'id': '1002141733414518824', 'flags': 0, 'embeds': [], 'edited_timestamp': None, 'content': 'help', 'components': [], 'channel_id': '995646223925129296', 'author': {'username': 'Mankifg', 'public_flags': 128, 'id': '650756055390879757', 'discriminator': '1810', 'avatar_decoration': None, 'avatar': 'a8957ced26d558b536a381fc8708c4ae'}, 'attachments': [], 'guild_id': '797820580547919924'}}
2022-07-28 11:13:08,511:DEBUG:discord.gateway: For Shard ID None: WebSocket Event: {'t': 'MESSAGE_CREATE', 's': 4, 'op': 0, 'd': {'type': 0, 'tts': False, 'timestamp': '2022-07-28T09:13:28.139000+00:00', 'referenced_message': None, 'pinned': False, 'nonce': '1002141650199248896', 'mentions': [], 'mention_roles': [], 'mention_everyone': False, 'member': {'roles': ['832231817020440636'], 'premium_since': None, 'pending': False, 'nick': None, 'mute': False, 'joined_at': '2021-01-10T13:34:09.274000+00:00', 'flags': 0, 'deaf': False, 'communication_disabled_until': None, 'avatar': None}, 'id': '1002141733414518824', 'flags': 0, 'embeds': [], 'edited_timestamp': None, 'content': 'help', 'components': [], 'channel_id': '995646223925129296', 'author': {'username': 'Mankifg', 'public_flags': 128, 'id': '650756055390879757', 'discriminator': '1810', 'avatar_decoration': None, 'avatar': 'a8957ced26d558b536a381fc8708c4ae'}, 'attachments': [], 'guild_id': '797820580547919924'}}
2022-07-28 11:13:08,511:DEBUG:discord.client: Dispatching event socket_response
2022-07-28 11:13:08,511:DEBUG:discord.client: Dispatching event socket_response
2022-07-28 11:13:08,512:DEBUG:discord.client: Dispatching event message
2022-07-28 11:13:08,512:DEBUG:discord.client: Dispatching event message
2022-07-28 11:13:10,031:DEBUG:discord.client: Dispatching event socket_raw_receive
2022-07-28 11:13:10,031:DEBUG:discord.client: Dispatching event socket_raw_receive
2022-07-28 11:13:10,031:DEBUG:discord.gateway: For Shard ID None: WebSocket Event: {'t': 'MESSAGE_CREATE', 's': 5, 'op': 0, 'd': {'type': 0, 'tts': False, 'timestamp': '2022-07-28T09:13:29.648000+00:00', 'referenced_message': None, 'pinned': False, 'nonce': '1002141656457150464', 'mentions': [], 'mention_roles': [], 'mention_everyone': False, 'member': {'roles': ['832231817020440636'], 'premium_since': None, 'pending': False, 'nick': None, 'mute': False, 'joined_at': '2021-01-10T13:34:09.274000+00:00', 'flags': 0, 'deaf': False, 'communication_disabled_until': None, 'avatar': None}, 'id': '1002141739743719434', 'flags': 0, 'embeds': [], 'edited_timestamp': None, 'content': 'ping', 'components': [], 'channel_id': '995646223925129296', 'author': {'username': 'Mankifg', 'public_flags': 128, 'id': '650756055390879757', 'discriminator': '1810', 'avatar_decoration': None, 'avatar': 'a8957ced26d558b536a381fc8708c4ae'}, 'attachments': [], 'guild_id': '797820580547919924'}}
2022-07-28 11:13:10,031:DEBUG:discord.gateway: For Shard ID None: WebSocket Event: {'t': 'MESSAGE_CREATE', 's': 5, 'op': 0, 'd': {'type': 0, 'tts': False, 'timestamp': '2022-07-28T09:13:29.648000+00:00', 'referenced_message': None, 'pinned': False, 'nonce': '1002141656457150464', 'mentions': [], 'mention_roles': [], 'mention_everyone': False, 'member': {'roles': ['832231817020440636'], 'premium_since': None, 'pending': False, 'nick': None, 'mute': False, 'joined_at': '2021-01-10T13:34:09.274000+00:00', 'flags': 0, 'deaf': False, 'communication_disabled_until': None, 'avatar': None}, 'id': '1002141739743719434', 'flags': 0, 'embeds': [], 'edited_timestamp': None, 'content': 'ping', 'components': [], 'channel_id': '995646223925129296', 'author': {'username': 'Mankifg', 'public_flags': 128, 'id': '650756055390879757', 'discriminator': '1810', 'avatar_decoration': None, 'avatar': 'a8957ced26d558b536a381fc8708c4ae'}, 'attachments': [], 'guild_id': '797820580547919924'}}
2022-07-28 11:13:10,031:DEBUG:discord.client: Dispatching event socket_response
2022-07-28 11:13:10,031:DEBUG:discord.client: Dispatching event socket_response
2022-07-28 11:13:10,032:DEBUG:discord.client: Dispatching event message
2022-07-28 11:13:10,032:DEBUG:discord.client: Dispatching event message
2022-07-28 11:13:11,789:DEBUG:discord.client: Dispatching event socket_raw_receive
2022-07-28 11:13:11,789:DEBUG:discord.client: Dispatching event socket_raw_receive
2022-07-28 11:13:11,789:DEBUG:discord.gateway: For Shard ID None: WebSocket Event: {'t': 'MESSAGE_CREATE', 's': 6, 'op': 0, 'd': {'type': 0, 'tts': False, 'timestamp': '2022-07-28T09:13:31.323000+00:00', 'referenced_message': None, 'pinned': False, 'nonce': '1002141663918817280', 'mentions': [], 'mention_roles': [], 'mention_everyone': False, 'member': {'roles': ['832231817020440636'], 'premium_since': None, 'pending': False, 'nick': None, 'mute': False, 'joined_at': '2021-01-10T13:34:09.274000+00:00', 'flags': 0, 'deaf': False, 'communication_disabled_until': None, 'avatar': None}, 'id': '1002141746769174601', 'flags': 0, 'embeds': [], 'edited_timestamp': None, 'content': 'm!ping', 'components': [], 'channel_id': '995646223925129296', 'author': {'username': 'Mankifg', 'public_flags': 128, 'id': '650756055390879757', 'discriminator': '1810', 'avatar_decoration': None, 'avatar': 'a8957ced26d558b536a381fc8708c4ae'}, 'attachments': [], 'guild_id': '797820580547919924'}}
2022-07-28 11:13:11,789:DEBUG:discord.gateway: For Shard ID None: WebSocket Event: {'t': 'MESSAGE_CREATE', 's': 6, 'op': 0, 'd': {'type': 0, 'tts': False, 'timestamp': '2022-07-28T09:13:31.323000+00:00', 'referenced_message': None, 'pinned': False, 'nonce': '1002141663918817280', 'mentions': [], 'mention_roles': [], 'mention_everyone': False, 'member': {'roles': ['832231817020440636'], 'premium_since': None, 'pending': False, 'nick': None, 'mute': False, 'joined_at': '2021-01-10T13:34:09.274000+00:00', 'flags': 0, 'deaf': False, 'communication_disabled_until': None, 'avatar': None}, 'id': '1002141746769174601', 'flags': 0, 'embeds': [], 'edited_timestamp': None, 'content': 'm!ping', 'components': [], 'channel_id': '995646223925129296', 'author': {'username': 'Mankifg', 'public_flags': 128, 'id': '650756055390879757', 'discriminator': '1810', 'avatar_decoration': None, 'avatar': 'a8957ced26d558b536a381fc8708c4ae'}, 'attachments': [], 'guild_id': '797820580547919924'}}
2022-07-28 11:13:11,790:DEBUG:discord.client: Dispatching event socket_response
2022-07-28 11:13:11,790:DEBUG:discord.client: Dispatching event socket_response
2022-07-28 11:13:11,790:DEBUG:discord.client: Dispatching event message
2022-07-28 11:13:11,790:DEBUG:discord.client: Dispatching event message
2022-07-28 11:13:11,790:DEBUG:discord.client: Dispatching event command_error
2022-07-28 11:13:11,790:DEBUG:discord.client: Dispatching event command_error
2022-07-28 13:49:39,401:WARNING:discord.client: PyNaCl is not installed, voice will NOT be supported
2022-07-28 13:49:39,421:DEBUG:discord.client: on_ready has successfully been registered as an event
2022-07-28 13:49:39,421:DEBUG:discord.client: on_ready has successfully been registered as an event
2022-07-28 13:49:39,421:INFO:discord.client: logging in using static token
2022-07-28 13:49:39,421:INFO:discord.client: logging in using static token
2022-07-28 13:49:39,660:DEBUG:discord.http: GET https://discord.com/api/v7/users/@me with None has returned 200
2022-07-28 13:49:39,660:DEBUG:discord.http: GET https://discord.com/api/v7/users/@me with None has returned 200
2022-07-28 13:49:39,660:DEBUG:discord.http: GET https://discord.com/api/v7/users/@me has received {'id': '967769605999329301', 'username': "Mankifg's bot", 'avatar': None, 'avatar_decoration': None, 'discriminator': '4006', 'public_flags': 0, 'flags': 0, 'bot': True, 'banner': None, 'banner_color': None, 'accent_color': None, 'bio': '', 'locale': 'en-US', 'mfa_enabled': False, 'email': None, 'verified': True}
2022-07-28 13:49:39,660:DEBUG:discord.http: GET https://discord.com/api/v7/users/@me has received {'id': '967769605999329301', 'username': "Mankifg's bot", 'avatar': None, 'avatar_decoration': None, 'discriminator': '4006', 'public_flags': 0, 'flags': 0, 'bot': True, 'banner': None, 'banner_color': None, 'accent_color': None, 'bio': '', 'locale': 'en-US', 'mfa_enabled': False, 'email': None, 'verified': True}
2022-07-28 13:49:39,687:DEBUG:discord.http: GET https://discord.com/api/v7/gateway with None has returned 200
2022-07-28 13:49:39,687:DEBUG:discord.http: GET https://discord.com/api/v7/gateway with None has returned 200
2022-07-28 13:49:39,687:DEBUG:discord.http: GET https://discord.com/api/v7/gateway has received {'url': 'wss://gateway.discord.gg'}
2022-07-28 13:49:39,687:DEBUG:discord.http: GET https://discord.com/api/v7/gateway has received {'url': 'wss://gateway.discord.gg'}
2022-07-28 13:49:39,910:DEBUG:discord.gateway: Created websocket connected to wss://gateway.discord.gg?encoding=json&v=6&compress=zlib-stream
2022-07-28 13:49:39,910:DEBUG:discord.gateway: Created websocket connected to wss://gateway.discord.gg?encoding=json&v=6&compress=zlib-stream
2022-07-28 13:49:39,911:DEBUG:discord.client: Dispatching event socket_raw_receive
2022-07-28 13:49:39,911:DEBUG:discord.client: Dispatching event socket_raw_receive
2022-07-28 13:49:39,911:DEBUG:discord.gateway: For Shard ID None: WebSocket Event: {'t': None, 's': None, 'op': 10, 'd': {'heartbeat_interval': 41250, '_trace': ['["gateway-prd-main-ftw1",{"micros":0.0}]']}}
2022-07-28 13:49:39,911:DEBUG:discord.gateway: For Shard ID None: WebSocket Event: {'t': None, 's': None, 'op': 10, 'd': {'heartbeat_interval': 41250, '_trace': ['["gateway-prd-main-ftw1",{"micros":0.0}]']}}
2022-07-28 13:49:39,911:DEBUG:discord.client: Dispatching event socket_response
2022-07-28 13:49:39,911:DEBUG:discord.client: Dispatching event socket_response
2022-07-28 13:49:39,911:DEBUG:discord.client: Dispatching event socket_raw_send
2022-07-28 13:49:39,911:DEBUG:discord.client: Dispatching event socket_raw_send
2022-07-28 13:49:39,911:DEBUG:discord.client: Dispatching event socket_raw_send
2022-07-28 13:49:39,911:DEBUG:discord.client: Dispatching event socket_raw_send
2022-07-28 13:49:39,911:INFO:discord.gateway: Shard ID None has sent the IDENTIFY payload.
2022-07-28 13:49:39,911:INFO:discord.gateway: Shard ID None has sent the IDENTIFY payload.
2022-07-28 13:49:40,057:DEBUG:discord.client: Dispatching event socket_raw_receive
2022-07-28 13:49:40,057:DEBUG:discord.client: Dispatching event socket_raw_receive
2022-07-28 13:49:40,058:DEBUG:discord.gateway: For Shard ID None: WebSocket Event: {'t': None, 's': None, 'op': 11, 'd': None}
2022-07-28 13:49:40,058:DEBUG:discord.gateway: For Shard ID None: WebSocket Event: {'t': None, 's': None, 'op': 11, 'd': None}
2022-07-28 13:49:40,058:DEBUG:discord.client: Dispatching event socket_response
2022-07-28 13:49:40,058:DEBUG:discord.client: Dispatching event socket_response
2022-07-28 13:49:40,251:DEBUG:discord.client: Dispatching event socket_raw_receive
2022-07-28 13:49:40,251:DEBUG:discord.client: Dispatching event socket_raw_receive
2022-07-28 13:49:40,252:DEBUG:discord.gateway: For Shard ID None: WebSocket Event: {'t': 'READY', 's': 1, 'op': 0, 'd': {'v': 6, 'user_settings': {}, 'user': {'verified': True, 'username': "Mankifg's bot", 'mfa_enabled': False, 'id': '967769605999329301', 'flags': 0, 'email': None, 'discriminator': '4006', 'bot': True, 'avatar': None}, 'session_type': 'normal', 'session_id': 'd498811f1f0301496948d529448d4e84', 'resume_gateway_url': 'wss://gateway.discord.gg/', 'relationships': [], 'private_channels': [], 'presences': [], 'guilds': [{'unavailable': True, 'id': '797820580547919924'}], 'guild_join_requests': [], 'geo_ordered_rtc_regions': ['milan', 'bucharest', 'rotterdam', 'stockholm', 'madrid'], 'application': {'id': '967769605999329301', 'flags': 262144}, '_trace': ['["gateway-prd-main-ftw1",{"micros":185628,"calls":["discord-sessions-blue-prd-2-92",{"micros":177397,"calls":["start_session",{"micros":71768,"calls":["discord-api-f8dd45c-zpp64",{"micros":66351,"calls":["get_user",{"micros":8381},"add_authorized_ip",{"micros":6458},"get_guilds",{"micros":7933},"coros_wait",{"micros":2}]}]},"guilds_connect",{"micros":2,"calls":[]},"presence_connect",{"micros":55883,"calls":[]}]}]}]']}}
2022-07-28 13:49:40,252:DEBUG:discord.gateway: For Shard ID None: WebSocket Event: {'t': 'READY', 's': 1, 'op': 0, 'd': {'v': 6, 'user_settings': {}, 'user': {'verified': True, 'username': "Mankifg's bot", 'mfa_enabled': False, 'id': '967769605999329301', 'flags': 0, 'email': None, 'discriminator': '4006', 'bot': True, 'avatar': None}, 'session_type': 'normal', 'session_id': 'd498811f1f0301496948d529448d4e84', 'resume_gateway_url': 'wss://gateway.discord.gg/', 'relationships': [], 'private_channels': [], 'presences': [], 'guilds': [{'unavailable': True, 'id': '797820580547919924'}], 'guild_join_requests': [], 'geo_ordered_rtc_regions': ['milan', 'bucharest', 'rotterdam', 'stockholm', 'madrid'], 'application': {'id': '967769605999329301', 'flags': 262144}, '_trace': ['["gateway-prd-main-ftw1",{"micros":185628,"calls":["discord-sessions-blue-prd-2-92",{"micros":177397,"calls":["start_session",{"micros":71768,"calls":["discord-api-f8dd45c-zpp64",{"micros":66351,"calls":["get_user",{"micros":8381},"add_authorized_ip",{"micros":6458},"get_guilds",{"micros":7933},"coros_wait",{"micros":2}]}]},"guilds_connect",{"micros":2,"calls":[]},"presence_connect",{"micros":55883,"calls":[]}]}]}]']}}
2022-07-28 13:49:40,252:DEBUG:discord.client: Dispatching event socket_response
2022-07-28 13:49:40,252:DEBUG:discord.client: Dispatching event socket_response
2022-07-28 13:49:40,252:INFO:discord.gateway: Shard ID None has connected to Gateway: ["gateway-prd-main-ftw1",{"micros":185628,"calls":["discord-sessions-blue-prd-2-92",{"micros":177397,"calls":["start_session",{"micros":71768,"calls":["discord-api-f8dd45c-zpp64",{"micros":66351,"calls":["get_user",{"micros":8381},"add_authorized_ip",{"micros":6458},"get_guilds",{"micros":7933},"coros_wait",{"micros":2}]}]},"guilds_connect",{"micros":2,"calls":[]},"presence_connect",{"micros":55883,"calls":[]}]}]}] (Session ID: d498811f1f0301496948d529448d4e84).
2022-07-28 13:49:40,252:INFO:discord.gateway: Shard ID None has connected to Gateway: ["gateway-prd-main-ftw1",{"micros":185628,"calls":["discord-sessions-blue-prd-2-92",{"micros":177397,"calls":["start_session",{"micros":71768,"calls":["discord-api-f8dd45c-zpp64",{"micros":66351,"calls":["get_user",{"micros":8381},"add_authorized_ip",{"micros":6458},"get_guilds",{"micros":7933},"coros_wait",{"micros":2}]}]},"guilds_connect",{"micros":2,"calls":[]},"presence_connect",{"micros":55883,"calls":[]}]}]}] (Session ID: d498811f1f0301496948d529448d4e84).
2022-07-28 13:49:40,265:DEBUG:discord.client: Dispatching event connect
2022-07-28 13:49:40,265:DEBUG:discord.client: Dispatching event connect
2022-07-28 13:49:40,265:DEBUG:discord.client: Dispatching event socket_raw_receive
2022-07-28 13:49:40,265:DEBUG:discord.client: Dispatching event socket_raw_receive
2022-07-28 13:49:40,266:DEBUG:discord.gateway: For Shard ID None: WebSocket Event: {'t': 'GUILD_CREATE', 's': 2, 'op': 0, 'd': {'channels': [{'type': 4, 'position': 0, 'permission_overwrites': [], 'name': 'Text Channels', 'id': '797820580547919925', 'flags': 0}, {'type': 4, 'position': 0, 'permission_overwrites': [], 'name': 'Voice Channels', 'id': '797820580547919926', 'flags': 0}, {'user_limit': 0, 'type': 2, 'rtc_region': None, 'rate_limit_per_user': 0, 'position': 0, 'permission_overwrites': [], 'parent_id': '797820580547919926', 'name': 'General', 'last_message_id': None, 'id': '797820580979408937', 'flags': 0, 'bitrate': 64000}, {'type': 0, 'topic': None, 'rate_limit_per_user': 0, 'position': 0, 'permission_overwrites': [], 'parent_id': '797820580547919925', 'name': 'general', 'last_message_id': '1002141746769174601', 'id': '995646223925129296', 'flags': 0}], 'hub_type': None, 'premium_subscription_count': 0, 'stage_instances': [], 'name': "Mankifg's bot server", 'max_members': 500000, 'nsfw_level': 0, 'default_message_notifications': 0, 'emojis': [{'roles': [], 'require_colons': True, 'name': 'leave', 'managed': False, 'id': '996039749741592647', 'available': True, 'animated': False}], 'vanity_url_code': None, 'roles': [{'unicode_emoji': None, 'tags': {}, 'position': 0, 'permissions_new': '1071698660929', 'permissions': 104320577, 'name': '@everyone', 'mentionable': False, 'managed': False, 'id': '797820580547919924', 'icon': None, 'hoist': False, 'flags': 0, 'color': 0}, {'unicode_emoji': None, 'tags': {}, 'position': 4, 'permissions_new': '6546771529', 'permissions': 104320585, 'name': 'admin', 'mentionable': False, 'managed': False, 'id': '832231817020440636', 'icon': None, 'hoist': True, 'flags': 0, 'color': 3447003}, {'unicode_emoji': None, 'tags': {'bot_id': '967769605999329301'}, 'position': 1, 'permissions_new': '8', 'permissions': 8, 'name': "Mankifg's bot", 'mentionable': False, 'managed': True, 'id': '967770056916353037', 'icon': None, 'hoist': False, 'flags': 0, 'color': 0}, {'unicode_emoji': None, 'tags': {'bot_id': '997098532089634896'}, 'position': 1, 'permissions_new': '8', 'permissions': 8, 'name': 'Pilot1782/bad_copenheimer', 'mentionable': False, 'managed': True, 'id': '997104766377283627', 'icon': None, 'hoist': False, 'flags': 0, 'color': 0}], 'banner': None, 'afk_timeout': 300, 'voice_states': [], 'application_id': None, 'premium_tier': 0, 'application_command_counts': {'1': 1}, 'members': [{'user': {'username': "Mankifg's bot", 'public_flags': 0, 'id': '967769605999329301', 'discriminator': '4006', 'bot': True, 'avatar': None}, 'roles': ['832231817020440636', '967770056916353037'], 'premium_since': None, 'pending': False, 'nick': None, 'mute': False, 'joined_at': '2022-04-24T12:52:41.997000+00:00', 'flags': 0, 'deaf': False, 'communication_disabled_until': None, 'avatar': None}], 'description': None, 'verification_level': 2, 'guild_scheduled_events': [], 'presences': [], 'guild_hashes': {'version': 1, 'roles': {'omitted': False, 'hash': 'TJW0Iw'}, 'metadata': {'omitted': False, 'hash': 'pET3vA'}, 'channels': {'omitted': False, 'hash': 'MRJv1w'}}, 'premium_progress_bar_enabled': False, 'threads': [], 'large': False, 'explicit_content_filter': 0, 'member_count': 4, 'preferred_locale': 'en-US', 'system_channel_id': None, 'icon': None, 'owner_id': '650756055390879757', 'unavailable': False, 'id': '797820580547919924', 'region': 'deprecated', 'splash': None, 'discovery_splash': None, 'embedded_activities': [], 'afk_channel_id': None, 'rules_channel_id': None, 'lazy': True, 'joined_at': '2022-04-24T12:52:41.997000+00:00', 'stickers': [], 'public_updates_channel_id': None, 'system_channel_flags': 0, 'max_video_channel_users': 25, 'mfa_level': 0, 'features': [], 'nsfw': False}}
2022-07-28 13:49:40,266:DEBUG:discord.gateway: For Shard ID None: WebSocket Event: {'t': 'GUILD_CREATE', 's': 2, 'op': 0, 'd': {'channels': [{'type': 4, 'position': 0, 'permission_overwrites': [], 'name': 'Text Channels', 'id': '797820580547919925', 'flags': 0}, {'type': 4, 'position': 0, 'permission_overwrites': [], 'name': 'Voice Channels', 'id': '797820580547919926', 'flags': 0}, {'user_limit': 0, 'type': 2, 'rtc_region': None, 'rate_limit_per_user': 0, 'position': 0, 'permission_overwrites': [], 'parent_id': '797820580547919926', 'name': 'General', 'last_message_id': None, 'id': '797820580979408937', 'flags': 0, 'bitrate': 64000}, {'type': 0, 'topic': None, 'rate_limit_per_user': 0, 'position': 0, 'permission_overwrites': [], 'parent_id': '797820580547919925', 'name': 'general', 'last_message_id': '1002141746769174601', 'id': '995646223925129296', 'flags': 0}], 'hub_type': None, 'premium_subscription_count': 0, 'stage_instances': [], 'name': "Mankifg's bot server", 'max_members': 500000, 'nsfw_level': 0, 'default_message_notifications': 0, 'emojis': [{'roles': [], 'require_colons': True, 'name': 'leave', 'managed': False, 'id': '996039749741592647', 'available': True, 'animated': False}], 'vanity_url_code': None, 'roles': [{'unicode_emoji': None, 'tags': {}, 'position': 0, 'permissions_new': '1071698660929', 'permissions': 104320577, 'name': '@everyone', 'mentionable': False, 'managed': False, 'id': '797820580547919924', 'icon': None, 'hoist': False, 'flags': 0, 'color': 0}, {'unicode_emoji': None, 'tags': {}, 'position': 4, 'permissions_new': '6546771529', 'permissions': 104320585, 'name': 'admin', 'mentionable': False, 'managed': False, 'id': '832231817020440636', 'icon': None, 'hoist': True, 'flags': 0, 'color': 3447003}, {'unicode_emoji': None, 'tags': {'bot_id': '967769605999329301'}, 'position': 1, 'permissions_new': '8', 'permissions': 8, 'name': "Mankifg's bot", 'mentionable': False, 'managed': True, 'id': '967770056916353037', 'icon': None, 'hoist': False, 'flags': 0, 'color': 0}, {'unicode_emoji': None, 'tags': {'bot_id': '997098532089634896'}, 'position': 1, 'permissions_new': '8', 'permissions': 8, 'name': 'Pilot1782/bad_copenheimer', 'mentionable': False, 'managed': True, 'id': '997104766377283627', 'icon': None, 'hoist': False, 'flags': 0, 'color': 0}], 'banner': None, 'afk_timeout': 300, 'voice_states': [], 'application_id': None, 'premium_tier': 0, 'application_command_counts': {'1': 1}, 'members': [{'user': {'username': "Mankifg's bot", 'public_flags': 0, 'id': '967769605999329301', 'discriminator': '4006', 'bot': True, 'avatar': None}, 'roles': ['832231817020440636', '967770056916353037'], 'premium_since': None, 'pending': False, 'nick': None, 'mute': False, 'joined_at': '2022-04-24T12:52:41.997000+00:00', 'flags': 0, 'deaf': False, 'communication_disabled_until': None, 'avatar': None}], 'description': None, 'verification_level': 2, 'guild_scheduled_events': [], 'presences': [], 'guild_hashes': {'version': 1, 'roles': {'omitted': False, 'hash': 'TJW0Iw'}, 'metadata': {'omitted': False, 'hash': 'pET3vA'}, 'channels': {'omitted': False, 'hash': 'MRJv1w'}}, 'premium_progress_bar_enabled': False, 'threads': [], 'large': False, 'explicit_content_filter': 0, 'member_count': 4, 'preferred_locale': 'en-US', 'system_channel_id': None, 'icon': None, 'owner_id': '650756055390879757', 'unavailable': False, 'id': '797820580547919924', 'region': 'deprecated', 'splash': None, 'discovery_splash': None, 'embedded_activities': [], 'afk_channel_id': None, 'rules_channel_id': None, 'lazy': True, 'joined_at': '2022-04-24T12:52:41.997000+00:00', 'stickers': [], 'public_updates_channel_id': None, 'system_channel_flags': 0, 'max_video_channel_users': 25, 'mfa_level': 0, 'features': [], 'nsfw': False}}
2022-07-28 13:49:40,266:DEBUG:discord.client: Dispatching event socket_response
2022-07-28 13:49:40,266:DEBUG:discord.client: Dispatching event socket_response
2022-07-28 13:49:40,266:DEBUG:discord.client: Dispatching event guild_available
2022-07-28 13:49:40,266:DEBUG:discord.client: Dispatching event guild_available
2022-07-28 13:49:42,280:DEBUG:discord.client: Dispatching event ready
2022-07-28 13:49:42,280:DEBUG:discord.client: Dispatching event ready
2022-07-28 13:49:42,281:DEBUG:discord.gateway: Sending "{"op":3,"d":{"game":{"flags":0,"type":3,"name":"m!help"},"afk":false,"since":0.0,"status":"online"}}" to change status
2022-07-28 13:49:42,281:DEBUG:discord.gateway: Sending "{"op":3,"d":{"game":{"flags":0,"type":3,"name":"m!help"},"afk":false,"since":0.0,"status":"online"}}" to change status
2022-07-28 13:49:42,281:DEBUG:discord.client: Dispatching event socket_raw_send
2022-07-28 13:49:42,281:DEBUG:discord.client: Dispatching event socket_raw_send
2022-07-28 13:49:42,538:DEBUG:discord.http: GET https://discord.com/api/v8/applications/967769605999329301/commands with None has returned 200
2022-07-28 13:49:42,538:DEBUG:discord.http: GET https://discord.com/api/v8/applications/967769605999329301/commands with None has returned 200
2022-07-28 13:49:42,538:DEBUG:discord.http: GET https://discord.com/api/v8/applications/967769605999329301/commands has received []
2022-07-28 13:49:42,538:DEBUG:discord.http: GET https://discord.com/api/v8/applications/967769605999329301/commands has received []
2022-07-28 13:49:48,606:DEBUG:discord.client: Dispatching event socket_raw_receive
2022-07-28 13:49:48,606:DEBUG:discord.client: Dispatching event socket_raw_receive
2022-07-28 13:49:48,606:DEBUG:discord.gateway: For Shard ID None: WebSocket Event: {'t': 'TYPING_START', 's': 3, 'op': 0, 'd': {'user_id': '650756055390879757', 'timestamp': 1659009008, 'member': {'user': {'username': 'Mankifg', 'public_flags': 128, 'id': '650756055390879757', 'discriminator': '1810', 'bot': False, 'avatar': 'a8957ced26d558b536a381fc8708c4ae'}, 'roles': ['832231817020440636'], 'premium_since': None, 'pending': False, 'nick': None, 'mute': False, 'joined_at': '2021-01-10T13:34:09.274000+00:00', 'flags': 0, 'deaf': False, 'communication_disabled_until': None, 'avatar': None}, 'channel_id': '995646223925129296', 'guild_id': '797820580547919924'}}
2022-07-28 13:49:48,606:DEBUG:discord.gateway: For Shard ID None: WebSocket Event: {'t': 'TYPING_START', 's': 3, 'op': 0, 'd': {'user_id': '650756055390879757', 'timestamp': 1659009008, 'member': {'user': {'username': 'Mankifg', 'public_flags': 128, 'id': '650756055390879757', 'discriminator': '1810', 'bot': False, 'avatar': 'a8957ced26d558b536a381fc8708c4ae'}, 'roles': ['832231817020440636'], 'premium_since': None, 'pending': False, 'nick': None, 'mute': False, 'joined_at': '2021-01-10T13:34:09.274000+00:00', 'flags': 0, 'deaf': False, 'communication_disabled_until': None, 'avatar': None}, 'channel_id': '995646223925129296', 'guild_id': '797820580547919924'}}
2022-07-28 13:49:48,606:DEBUG:discord.client: Dispatching event socket_response
2022-07-28 13:49:48,606:DEBUG:discord.client: Dispatching event socket_response
2022-07-28 13:49:48,606:DEBUG:discord.client: Dispatching event typing
2022-07-28 13:49:48,606:DEBUG:discord.client: Dispatching event typing
2022-07-28 13:49:48,991:DEBUG:discord.client: Dispatching event socket_raw_receive
2022-07-28 13:49:48,991:DEBUG:discord.client: Dispatching event socket_raw_receive
2022-07-28 13:49:48,992:DEBUG:discord.gateway: For Shard ID None: WebSocket Event: {'t': 'MESSAGE_CREATE', 's': 4, 'op': 0, 'd': {'type': 0, 'tts': False, 'timestamp': '2022-07-28T11:50:08.714000+00:00', 'referenced_message': None, 'pinned': False, 'nonce': '1002181078695280640', 'mentions': [], 'mention_roles': [], 'mention_everyone': False, 'member': {'roles': ['832231817020440636'], 'premium_since': None, 'pending': False, 'nick': None, 'mute': False, 'joined_at': '2021-01-10T13:34:09.274000+00:00', 'flags': 0, 'deaf': False, 'communication_disabled_until': None, 'avatar': None}, 'id': '1002181162283843595', 'flags': 0, 'embeds': [], 'edited_timestamp': None, 'content': 'm!ping', 'components': [], 'channel_id': '995646223925129296', 'author': {'username': 'Mankifg', 'public_flags': 128, 'id': '650756055390879757', 'discriminator': '1810', 'avatar_decoration': None, 'avatar': 'a8957ced26d558b536a381fc8708c4ae'}, 'attachments': [], 'guild_id': '797820580547919924'}}
2022-07-28 13:49:48,992:DEBUG:discord.gateway: For Shard ID None: WebSocket Event: {'t': 'MESSAGE_CREATE', 's': 4, 'op': 0, 'd': {'type': 0, 'tts': False, 'timestamp': '2022-07-28T11:50:08.714000+00:00', 'referenced_message': None, 'pinned': False, 'nonce': '1002181078695280640', 'mentions': [], 'mention_roles': [], 'mention_everyone': False, 'member': {'roles': ['832231817020440636'], 'premium_since': None, 'pending': False, 'nick': None, 'mute': False, 'joined_at': '2021-01-10T13:34:09.274000+00:00', 'flags': 0, 'deaf': False, 'communication_disabled_until': None, 'avatar': None}, 'id': '1002181162283843595', 'flags': 0, 'embeds': [], 'edited_timestamp': None, 'content': 'm!ping', 'components': [], 'channel_id': '995646223925129296', 'author': {'username': 'Mankifg', 'public_flags': 128, 'id': '650756055390879757', 'discriminator': '1810', 'avatar_decoration': None, 'avatar': 'a8957ced26d558b536a381fc8708c4ae'}, 'attachments': [], 'guild_id': '797820580547919924'}}
2022-07-28 13:49:48,992:DEBUG:discord.client: Dispatching event socket_response
2022-07-28 13:49:48,992:DEBUG:discord.client: Dispatching event socket_response
2022-07-28 13:49:48,992:DEBUG:discord.client: Dispatching event message
2022-07-28 13:49:48,992:DEBUG:discord.client: Dispatching event message
2022-07-28 13:49:48,992:DEBUG:discord.client: Dispatching event command_error
2022-07-28 13:49:48,992:DEBUG:discord.client: Dispatching event command_error
2022-07-28 13:50:21,174:DEBUG:discord.gateway: Keeping shard ID None websocket alive with sequence 4.
2022-07-28 13:50:21,174:DEBUG:discord.gateway: Keeping shard ID None websocket alive with sequence 4.
2022-07-28 13:50:21,309:DEBUG:discord.client: Dispatching event socket_raw_receive
2022-07-28 13:50:21,309:DEBUG:discord.client: Dispatching event socket_raw_receive
2022-07-28 13:50:21,310:DEBUG:discord.gateway: For Shard ID None: WebSocket Event: {'t': None, 's': None, 'op': 11, 'd': None}
2022-07-28 13:50:21,310:DEBUG:discord.gateway: For Shard ID None: WebSocket Event: {'t': None, 's': None, 'op': 11, 'd': None}
2022-07-28 13:50:21,310:DEBUG:discord.client: Dispatching event socket_response
2022-07-28 13:50:21,310:DEBUG:discord.client: Dispatching event socket_response
